[ 2016-01-15T12:42:52+08:00 ] 180.136.234.225 /index.php?m=customer&a=analytics
ERR: You have an error in your SQL syntax; check the manual that corresponds to your MySQL server version for the right syntax to use near ') ) AND ( `owner_role_id` = 23 ) AND ( `create_time` < 1452832971 ) LIMIT 1' at line 1
 [ SQL语句 ] : SELECT COUNT(*) AS tp_count FROM `crm_customer` WHERE ( `is_deleted` = 0 ) AND ( `customer_id` IN () ) AND ( `owner_role_id` = 23 ) AND ( `create_time` < 1452832971 ) LIMIT 1  
ERR: You have an error in your SQL syntax; check the manual that corresponds to your MySQL server version for the right syntax to use near ') ) AND ( `owner_role_id` = 8 ) AND ( `create_time` < 1452832971 ) LIMIT 1' at line 1
 [ SQL语句 ] : SELECT COUNT(*) AS tp_count FROM `crm_customer` WHERE ( `is_deleted` = 0 ) AND ( `customer_id` IN () ) AND ( `owner_role_id` = 8 ) AND ( `create_time` < 1452832971 ) LIMIT 1  
ERR: You have an error in your SQL syntax; check the manual that corresponds to your MySQL server version for the right syntax to use near ') ) AND ( `owner_role_id` = 9 ) AND ( `create_time` < 1452832971 ) LIMIT 1' at line 1
 [ SQL语句 ] : SELECT COUNT(*) AS tp_count FROM `crm_customer` WHERE ( `is_deleted` = 0 ) AND ( `customer_id` IN () ) AND ( `owner_role_id` = 9 ) AND ( `create_time` < 1452832971 ) LIMIT 1  
ERR: You have an error in your SQL syntax; check the manual that corresponds to your MySQL server version for the right syntax to use near ') ) AND ( `owner_role_id` = 10 ) AND ( `create_time` < 1452832971 ) LIMIT 1' at line 1
 [ SQL语句 ] : SELECT COUNT(*) AS tp_count FROM `crm_customer` WHERE ( `is_deleted` = 0 ) AND ( `customer_id` IN () ) AND ( `owner_role_id` = 10 ) AND ( `create_time` < 1452832971 ) LIMIT 1  
ERR: You have an error in your SQL syntax; check the manual that corresponds to your MySQL server version for the right syntax to use near ') ) AND ( `owner_role_id` = 24 ) AND ( `create_time` < 1452832971 ) LIMIT 1' at line 1
 [ SQL语句 ] : SELECT COUNT(*) AS tp_count FROM `crm_customer` WHERE ( `is_deleted` = 0 ) AND ( `customer_id` IN () ) AND ( `owner_role_id` = 24 ) AND ( `create_time` < 1452832971 ) LIMIT 1  

[ 2016-01-15T12:57:14+08:00 ] 180.136.234.225 /index.php?m=finance&a=zensong
ERR: You have an error in your SQL syntax; check the manual that corresponds to your MySQL server version for the right syntax to use near ') LIMIT 1' at line 1
 [ SQL语句 ] : SELECT `name` FROM `crm_user` WHERE ( role_id= ) LIMIT 1  

[ 2016-01-15T12:57:24+08:00 ] 180.136.234.225 /index.php?customer=all&role=all&start_time=&end_time=&act=search&zsact=zsexcel&m=finance&a=zensong
ERR: You have an error in your SQL syntax; check the manual that corresponds to your MySQL server version for the right syntax to use near ') LIMIT 1' at line 1
 [ SQL语句 ] : SELECT `name` FROM `crm_user` WHERE ( role_id= ) LIMIT 1  

[ 2016-01-15T12:57:26+08:00 ] 180.136.234.225 /index.php?customer=all&role=all&start_time=&end_time=&act=search&zsact=zsexcel&m=finance&a=zensong
ERR: You have an error in your SQL syntax; check the manual that corresponds to your MySQL server version for the right syntax to use near ') LIMIT 1' at line 1
 [ SQL语句 ] : SELECT `name` FROM `crm_user` WHERE ( role_id= ) LIMIT 1  

[ 2016-01-15T12:57:31+08:00 ] 180.136.234.225 /index.php?customer=all&role=all&start_time=&end_time=&act=search&zsact=zsexcel&m=finance&a=zensong
ERR: You have an error in your SQL syntax; check the manual that corresponds to your MySQL server version for the right syntax to use near ') LIMIT 1' at line 1
 [ SQL语句 ] : SELECT `name` FROM `crm_user` WHERE ( role_id= ) LIMIT 1  

[ 2016-01-15T13:15:09+08:00 ] 180.136.234.225 /index.php?m=contacts&a=index
ERR: You have an error in your SQL syntax; check the manual that corresponds to your MySQL server version for the right syntax to use near '%d ) LIMIT 1' at line 1
 [ SQL语句 ] : SELECT * FROM `crm_customer` WHERE ( customer_id = %d ) LIMIT 1  
ERR: You have an error in your SQL syntax; check the manual that corresponds to your MySQL server version for the right syntax to use near '%d ) LIMIT 1' at line 1
 [ SQL语句 ] : SELECT * FROM `crm_customer` WHERE ( customer_id = %d ) LIMIT 1  
ERR: You have an error in your SQL syntax; check the manual that corresponds to your MySQL server version for the right syntax to use near '%d ) LIMIT 1' at line 1
 [ SQL语句 ] : SELECT * FROM `crm_customer` WHERE ( customer_id = %d ) LIMIT 1  
ERR: You have an error in your SQL syntax; check the manual that corresponds to your MySQL server version for the right syntax to use near '%d ) LIMIT 1' at line 1
 [ SQL语句 ] : SELECT * FROM `crm_customer` WHERE ( customer_id = %d ) LIMIT 1  
ERR: You have an error in your SQL syntax; check the manual that corresponds to your MySQL server version for the right syntax to use near '%d ) LIMIT 1' at line 1
 [ SQL语句 ] : SELECT * FROM `crm_customer` WHERE ( customer_id = %d ) LIMIT 1  
ERR: You have an error in your SQL syntax; check the manual that corresponds to your MySQL server version for the right syntax to use near '%d ) LIMIT 1' at line 1
 [ SQL语句 ] : SELECT * FROM `crm_customer` WHERE ( customer_id = %d ) LIMIT 1  
ERR: You have an error in your SQL syntax; check the manual that corresponds to your MySQL server version for the right syntax to use near '%d ) LIMIT 1' at line 1
 [ SQL语句 ] : SELECT * FROM `crm_customer` WHERE ( customer_id = %d ) LIMIT 1  
ERR: You have an error in your SQL syntax; check the manual that corresponds to your MySQL server version for the right syntax to use near '%d ) LIMIT 1' at line 1
 [ SQL语句 ] : SELECT * FROM `crm_customer` WHERE ( customer_id = %d ) LIMIT 1  
ERR: You have an error in your SQL syntax; check the manual that corresponds to your MySQL server version for the right syntax to use near '%d ) LIMIT 1' at line 1
 [ SQL语句 ] : SELECT * FROM `crm_customer` WHERE ( customer_id = %d ) LIMIT 1  
ERR: You have an error in your SQL syntax; check the manual that corresponds to your MySQL server version for the right syntax to use near '%d ) LIMIT 1' at line 1
 [ SQL语句 ] : SELECT * FROM `crm_customer` WHERE ( customer_id = %d ) LIMIT 1  
ERR: You have an error in your SQL syntax; check the manual that corresponds to your MySQL server version for the right syntax to use near '%d ) LIMIT 1' at line 1
 [ SQL语句 ] : SELECT * FROM `crm_customer` WHERE ( customer_id = %d ) LIMIT 1  
ERR: You have an error in your SQL syntax; check the manual that corresponds to your MySQL server version for the right syntax to use near '%d ) LIMIT 1' at line 1
 [ SQL语句 ] : SELECT * FROM `crm_customer` WHERE ( customer_id = %d ) LIMIT 1  
ERR: You have an error in your SQL syntax; check the manual that corresponds to your MySQL server version for the right syntax to use near '%d ) LIMIT 1' at line 1
 [ SQL语句 ] : SELECT * FROM `crm_customer` WHERE ( customer_id = %d ) LIMIT 1  
ERR: You have an error in your SQL syntax; check the manual that corresponds to your MySQL server version for the right syntax to use near '%d ) LIMIT 1' at line 1
 [ SQL语句 ] : SELECT * FROM `crm_customer` WHERE ( customer_id = %d ) LIMIT 1  
ERR: You have an error in your SQL syntax; check the manual that corresponds to your MySQL server version for the right syntax to use near '%d ) LIMIT 1' at line 1
 [ SQL语句 ] : SELECT * FROM `crm_customer` WHERE ( customer_id = %d ) LIMIT 1  

[ 2016-01-15T13:16:09+08:00 ] 180.136.234.225 /index.php?m=contacts&a=index
ERR: You have an error in your SQL syntax; check the manual that corresponds to your MySQL server version for the right syntax to use near '%d ) LIMIT 1' at line 1
 [ SQL语句 ] : SELECT * FROM `crm_customer` WHERE ( customer_id = %d ) LIMIT 1  
ERR: You have an error in your SQL syntax; check the manual that corresponds to your MySQL server version for the right syntax to use near '%d ) LIMIT 1' at line 1
 [ SQL语句 ] : SELECT * FROM `crm_customer` WHERE ( customer_id = %d ) LIMIT 1  
ERR: You have an error in your SQL syntax; check the manual that corresponds to your MySQL server version for the right syntax to use near '%d ) LIMIT 1' at line 1
 [ SQL语句 ] : SELECT * FROM `crm_customer` WHERE ( customer_id = %d ) LIMIT 1  
ERR: You have an error in your SQL syntax; check the manual that corresponds to your MySQL server version for the right syntax to use near '%d ) LIMIT 1' at line 1
 [ SQL语句 ] : SELECT * FROM `crm_customer` WHERE ( customer_id = %d ) LIMIT 1  
ERR: You have an error in your SQL syntax; check the manual that corresponds to your MySQL server version for the right syntax to use near '%d ) LIMIT 1' at line 1
 [ SQL语句 ] : SELECT * FROM `crm_customer` WHERE ( customer_id = %d ) LIMIT 1  
ERR: You have an error in your SQL syntax; check the manual that corresponds to your MySQL server version for the right syntax to use near '%d ) LIMIT 1' at line 1
 [ SQL语句 ] : SELECT * FROM `crm_customer` WHERE ( customer_id = %d ) LIMIT 1  
ERR: You have an error in your SQL syntax; check the manual that corresponds to your MySQL server version for the right syntax to use near '%d ) LIMIT 1' at line 1
 [ SQL语句 ] : SELECT * FROM `crm_customer` WHERE ( customer_id = %d ) LIMIT 1  
ERR: You have an error in your SQL syntax; check the manual that corresponds to your MySQL server version for the right syntax to use near '%d ) LIMIT 1' at line 1
 [ SQL语句 ] : SELECT * FROM `crm_customer` WHERE ( customer_id = %d ) LIMIT 1  
ERR: You have an error in your SQL syntax; check the manual that corresponds to your MySQL server version for the right syntax to use near '%d ) LIMIT 1' at line 1
 [ SQL语句 ] : SELECT * FROM `crm_customer` WHERE ( customer_id = %d ) LIMIT 1  
ERR: You have an error in your SQL syntax; check the manual that corresponds to your MySQL server version for the right syntax to use near '%d ) LIMIT 1' at line 1
 [ SQL语句 ] : SELECT * FROM `crm_customer` WHERE ( customer_id = %d ) LIMIT 1  
ERR: You have an error in your SQL syntax; check the manual that corresponds to your MySQL server version for the right syntax to use near '%d ) LIMIT 1' at line 1
 [ SQL语句 ] : SELECT * FROM `crm_customer` WHERE ( customer_id = %d ) LIMIT 1  
ERR: You have an error in your SQL syntax; check the manual that corresponds to your MySQL server version for the right syntax to use near '%d ) LIMIT 1' at line 1
 [ SQL语句 ] : SELECT * FROM `crm_customer` WHERE ( customer_id = %d ) LIMIT 1  
ERR: You have an error in your SQL syntax; check the manual that corresponds to your MySQL server version for the right syntax to use near '%d ) LIMIT 1' at line 1
 [ SQL语句 ] : SELECT * FROM `crm_customer` WHERE ( customer_id = %d ) LIMIT 1  
ERR: You have an error in your SQL syntax; check the manual that corresponds to your MySQL server version for the right syntax to use near '%d ) LIMIT 1' at line 1
 [ SQL语句 ] : SELECT * FROM `crm_customer` WHERE ( customer_id = %d ) LIMIT 1  
ERR: You have an error in your SQL syntax; check the manual that corresponds to your MySQL server version for the right syntax to use near '%d ) LIMIT 1' at line 1
 [ SQL语句 ] : SELECT * FROM `crm_customer` WHERE ( customer_id = %d ) LIMIT 1  

[ 2016-01-15T13:16:19+08:00 ] 180.136.234.225 /index.php?field=all&condition=contains&search=&m=contacts&act=excel
ERR: You have an error in your SQL syntax; check the manual that corresponds to your MySQL server version for the right syntax to use near '%d ) LIMIT 1' at line 1
 [ SQL语句 ] : SELECT `name` FROM `crm_customer` WHERE ( customer_id = %d ) LIMIT 1  

[ 2016-01-15T13:16:31+08:00 ] 180.136.234.225 /index.php?field=all&condition=contains&search=&m=contacts&act=excel
ERR: You have an error in your SQL syntax; check the manual that corresponds to your MySQL server version for the right syntax to use near '%d ) LIMIT 1' at line 1
 [ SQL语句 ] : SELECT `name` FROM `crm_customer` WHERE ( customer_id = %d ) LIMIT 1  

[ 2016-01-15T15:26:05+08:00 ] 180.136.234.225 /index.php?m=customer&a=view&id=124
ERR: You have an error in your SQL syntax; check the manual that corresponds to your MySQL server version for the right syntax to use near '%s) )' at line 1
 [ SQL语句 ] : SELECT * FROM `crm_file` WHERE ( file_id in (%s) ) 
ERR: You have an error in your SQL syntax; check the manual that corresponds to your MySQL server version for the right syntax to use near '%s) and is_deleted=0 )' at line 1
 [ SQL语句 ] : SELECT * FROM `crm_task` WHERE ( task_id in (%s) and is_deleted=0 ) 
ERR: You have an error in your SQL syntax; check the manual that corresponds to your MySQL server version for the right syntax to use near '%s) and is_deleted=0 )' at line 1
 [ SQL语句 ] : SELECT * FROM `crm_event` WHERE ( event_id in (%s) and is_deleted=0 ) 
ERR: You have an error in your SQL syntax; check the manual that corresponds to your MySQL server version for the right syntax to use near '%s) )' at line 1
 [ SQL语句 ] : SELECT `log_id` FROM `crm_r_business_log` WHERE ( business_id in (%s) ) 
ERR: You have an error in your SQL syntax; check the manual that corresponds to your MySQL server version for the right syntax to use near ') )' at line 1
 [ SQL语句 ] : SELECT * FROM `crm_log` WHERE ( log_id in () ) 
ERR: Unknown column 'receivables.customer_id' in 'where clause'
 [ SQL语句 ] : SELECT receivables.receivables_id AS receivables_id,receivables.name AS name,receivables.price AS price,receivables.creator_role_id AS creator_role_id,receivables.owner_role_id AS owner_role_id,receivables.delete_role_id AS delete_role_id,receivables.is_deleted AS is_deleted,receivables.delete_time AS delete_time,receivables.pay_time AS pay_time,receivables.create_time AS create_time,receivables.description AS description,receivables.create_time AS create_time,receivables.status AS status,receivables.type AS type,receivables.bill_id AS bill_id,user.name AS creator_name FROM crm_receivables receivables LEFT JOIN crm_role role ON receivables.creator_role_id=role.role_id LEFT JOIN crm_user user ON role.user_id = user.user_id WHERE ( receivables.customer_id = 124 and receivables.is_deleted=0 ) 
ERR: Unknown column 'payables.customer_id' in 'where clause'
 [ SQL语句 ] : SELECT payables.payables_id AS payables_id,payables.name AS name,payables.price AS price,payables.creator_role_id AS creator_role_id,payables.owner_role_id AS owner_role_id,payables.delete_role_id AS delete_role_id,payables.delete_time AS delete_time,payables.is_deleted AS is_deleted,payables.pay_time AS pay_time,payables.create_time AS create_time,payables.update_time AS update_time,payables.description AS description,payables.type AS type,payables.bill_id AS bill_id,payables.status AS status,user.name AS creator_name FROM crm_payables payables LEFT JOIN crm_role role ON payables.creator_role_id=role.role_id LEFT JOIN crm_user user ON role.user_id = user.user_id WHERE ( payables.customer_id = 124 and payables.is_deleted=0 ) 
ERR: You have an error in your SQL syntax; check the manual that corresponds to your MySQL server version for the right syntax to use near '%s) and contract.is_deleted=0 )' at line 1
 [ SQL语句 ] : SELECT contract.contract_id AS contract_id,contract.number AS number,contract.business_id AS business_id,contract.is_deleted AS is_deleted,contract.start_date AS start_date,contract.end_date AS end_date,contract.delete_role_id AS delete_role_id,contract.delete_time AS delete_time,contract.price AS price,contract.due_time AS due_time,contract.content AS content,contract.creator_role_id AS creator_role_id,contract.owner_role_id AS owner_role_id,contract.description AS description,contract.create_time AS create_time,contract.update_time AS update_time,contract.status AS status,contract.supplier_id AS supplier_id,contract.type AS type,business.name AS business_name,business.contacts_id AS contacts_id,business.customer_id AS customer_id,contacts.name AS contacts_name,customer.name AS customer_name,supplier.name AS supplier_name,user.name AS owner_name FROM crm_contract contract LEFT JOIN crm_business business ON contract.business_id=business.business_id LEFT JOIN crm_contacts contacts ON contacts.contacts_id=business.contacts_id LEFT JOIN crm_customer customer ON customer.customer_id=business.customer_id LEFT JOIN crm_supplier supplier ON contract.supplier_id=supplier.id LEFT JOIN crm_user user ON contract.owner_role_id=user.role_id WHERE ( contract.business_id in (%s) and contract.is_deleted=0 ) 
ERR: You have an error in your SQL syntax; check the manual that corresponds to your MySQL server version for the right syntax to use near '%s) )' at line 1
 [ SQL语句 ] : SELECT r_business_product.business_id AS business_id,r_business_product.product_id AS product_id,r_business_product.sales_price AS sales_price,r_business_product.amount AS amount,r_business_product.description AS description,business.name AS name,product.name AS name,product.cost_price AS cost_price FROM crm_r_business_product r_business_product LEFT JOIN crm_business business ON r_business_product.business_id=business.business_id LEFT JOIN crm_product product ON r_business_product.product_id=product.product_id WHERE ( r_business_product.business_id in (%s) ) 

[ 2016-01-15T15:59:56+08:00 ] 180.136.234.225 /index.php?m=customer&a=view&id=220
ERR: You have an error in your SQL syntax; check the manual that corresponds to your MySQL server version for the right syntax to use near '%s) )' at line 1
 [ SQL语句 ] : SELECT * FROM `crm_file` WHERE ( file_id in (%s) ) 
ERR: You have an error in your SQL syntax; check the manual that corresponds to your MySQL server version for the right syntax to use near '%s) and is_deleted=0 )' at line 1
 [ SQL语句 ] : SELECT * FROM `crm_task` WHERE ( task_id in (%s) and is_deleted=0 ) 
ERR: You have an error in your SQL syntax; check the manual that corresponds to your MySQL server version for the right syntax to use near '%s) and is_deleted=0 )' at line 1
 [ SQL语句 ] : SELECT * FROM `crm_event` WHERE ( event_id in (%s) and is_deleted=0 ) 
ERR: You have an error in your SQL syntax; check the manual that corresponds to your MySQL server version for the right syntax to use near '%s) )' at line 1
 [ SQL语句 ] : SELECT `log_id` FROM `crm_r_business_log` WHERE ( business_id in (%s) ) 
ERR: You have an error in your SQL syntax; check the manual that corresponds to your MySQL server version for the right syntax to use near ') )' at line 1
 [ SQL语句 ] : SELECT * FROM `crm_log` WHERE ( log_id in () ) 
ERR: Unknown column 'receivables.customer_id' in 'where clause'
 [ SQL语句 ] : SELECT receivables.receivables_id AS receivables_id,receivables.name AS name,receivables.price AS price,receivables.creator_role_id AS creator_role_id,receivables.owner_role_id AS owner_role_id,receivables.delete_role_id AS delete_role_id,receivables.is_deleted AS is_deleted,receivables.delete_time AS delete_time,receivables.pay_time AS pay_time,receivables.create_time AS create_time,receivables.description AS description,receivables.create_time AS create_time,receivables.status AS status,receivables.type AS type,receivables.bill_id AS bill_id,user.name AS creator_name FROM crm_receivables receivables LEFT JOIN crm_role role ON receivables.creator_role_id=role.role_id LEFT JOIN crm_user user ON role.user_id = user.user_id WHERE ( receivables.customer_id = 220 and receivables.is_deleted=0 ) 
ERR: Unknown column 'payables.customer_id' in 'where clause'
 [ SQL语句 ] : SELECT payables.payables_id AS payables_id,payables.name AS name,payables.price AS price,payables.creator_role_id AS creator_role_id,payables.owner_role_id AS owner_role_id,payables.delete_role_id AS delete_role_id,payables.delete_time AS delete_time,payables.is_deleted AS is_deleted,payables.pay_time AS pay_time,payables.create_time AS create_time,payables.update_time AS update_time,payables.description AS description,payables.type AS type,payables.bill_id AS bill_id,payables.status AS status,user.name AS creator_name FROM crm_payables payables LEFT JOIN crm_role role ON payables.creator_role_id=role.role_id LEFT JOIN crm_user user ON role.user_id = user.user_id WHERE ( payables.customer_id = 220 and payables.is_deleted=0 ) 
ERR: You have an error in your SQL syntax; check the manual that corresponds to your MySQL server version for the right syntax to use near '%s) and contract.is_deleted=0 )' at line 1
 [ SQL语句 ] : SELECT contract.contract_id AS contract_id,contract.number AS number,contract.business_id AS business_id,contract.is_deleted AS is_deleted,contract.start_date AS start_date,contract.end_date AS end_date,contract.delete_role_id AS delete_role_id,contract.delete_time AS delete_time,contract.price AS price,contract.due_time AS due_time,contract.content AS content,contract.creator_role_id AS creator_role_id,contract.owner_role_id AS owner_role_id,contract.description AS description,contract.create_time AS create_time,contract.update_time AS update_time,contract.status AS status,contract.supplier_id AS supplier_id,contract.type AS type,business.name AS business_name,business.contacts_id AS contacts_id,business.customer_id AS customer_id,contacts.name AS contacts_name,customer.name AS customer_name,supplier.name AS supplier_name,user.name AS owner_name FROM crm_contract contract LEFT JOIN crm_business business ON contract.business_id=business.business_id LEFT JOIN crm_contacts contacts ON contacts.contacts_id=business.contacts_id LEFT JOIN crm_customer customer ON customer.customer_id=business.customer_id LEFT JOIN crm_supplier supplier ON contract.supplier_id=supplier.id LEFT JOIN crm_user user ON contract.owner_role_id=user.role_id WHERE ( contract.business_id in (%s) and contract.is_deleted=0 ) 
ERR: You have an error in your SQL syntax; check the manual that corresponds to your MySQL server version for the right syntax to use near '%s) )' at line 1
 [ SQL语句 ] : SELECT r_business_product.business_id AS business_id,r_business_product.product_id AS product_id,r_business_product.sales_price AS sales_price,r_business_product.amount AS amount,r_business_product.description AS description,business.name AS name,product.name AS name,product.cost_price AS cost_price FROM crm_r_business_product r_business_product LEFT JOIN crm_business business ON r_business_product.business_id=business.business_id LEFT JOIN crm_product product ON r_business_product.product_id=product.product_id WHERE ( r_business_product.business_id in (%s) ) 

[ 2016-01-15T16:01:58+08:00 ] 180.136.234.225 /index.php?m=customer&a=view&id=69
ERR: You have an error in your SQL syntax; check the manual that corresponds to your MySQL server version for the right syntax to use near '%s) )' at line 1
 [ SQL语句 ] : SELECT * FROM `crm_file` WHERE ( file_id in (%s) ) 
ERR: You have an error in your SQL syntax; check the manual that corresponds to your MySQL server version for the right syntax to use near '%s) and is_deleted=0 )' at line 1
 [ SQL语句 ] : SELECT * FROM `crm_task` WHERE ( task_id in (%s) and is_deleted=0 ) 
ERR: You have an error in your SQL syntax; check the manual that corresponds to your MySQL server version for the right syntax to use near '%s) and is_deleted=0 )' at line 1
 [ SQL语句 ] : SELECT * FROM `crm_event` WHERE ( event_id in (%s) and is_deleted=0 ) 
ERR: You have an error in your SQL syntax; check the manual that corresponds to your MySQL server version for the right syntax to use near '%s) )' at line 1
 [ SQL语句 ] : SELECT `log_id` FROM `crm_r_business_log` WHERE ( business_id in (%s) ) 
ERR: You have an error in your SQL syntax; check the manual that corresponds to your MySQL server version for the right syntax to use near ') )' at line 1
 [ SQL语句 ] : SELECT * FROM `crm_log` WHERE ( log_id in () ) 
ERR: Unknown column 'receivables.customer_id' in 'where clause'
 [ SQL语句 ] : SELECT receivables.receivables_id AS receivables_id,receivables.name AS name,receivables.price AS price,receivables.creator_role_id AS creator_role_id,receivables.owner_role_id AS owner_role_id,receivables.delete_role_id AS delete_role_id,receivables.is_deleted AS is_deleted,receivables.delete_time AS delete_time,receivables.pay_time AS pay_time,receivables.create_time AS create_time,receivables.description AS description,receivables.create_time AS create_time,receivables.status AS status,receivables.type AS type,receivables.bill_id AS bill_id,user.name AS creator_name FROM crm_receivables receivables LEFT JOIN crm_role role ON receivables.creator_role_id=role.role_id LEFT JOIN crm_user user ON role.user_id = user.user_id WHERE ( receivables.customer_id = 69 and receivables.is_deleted=0 ) 
ERR: Unknown column 'payables.customer_id' in 'where clause'
 [ SQL语句 ] : SELECT payables.payables_id AS payables_id,payables.name AS name,payables.price AS price,payables.creator_role_id AS creator_role_id,payables.owner_role_id AS owner_role_id,payables.delete_role_id AS delete_role_id,payables.delete_time AS delete_time,payables.is_deleted AS is_deleted,payables.pay_time AS pay_time,payables.create_time AS create_time,payables.update_time AS update_time,payables.description AS description,payables.type AS type,payables.bill_id AS bill_id,payables.status AS status,user.name AS creator_name FROM crm_payables payables LEFT JOIN crm_role role ON payables.creator_role_id=role.role_id LEFT JOIN crm_user user ON role.user_id = user.user_id WHERE ( payables.customer_id = 69 and payables.is_deleted=0 ) 
ERR: You have an error in your SQL syntax; check the manual that corresponds to your MySQL server version for the right syntax to use near '%s) and contract.is_deleted=0 )' at line 1
 [ SQL语句 ] : SELECT contract.contract_id AS contract_id,contract.number AS number,contract.business_id AS business_id,contract.is_deleted AS is_deleted,contract.start_date AS start_date,contract.end_date AS end_date,contract.delete_role_id AS delete_role_id,contract.delete_time AS delete_time,contract.price AS price,contract.due_time AS due_time,contract.content AS content,contract.creator_role_id AS creator_role_id,contract.owner_role_id AS owner_role_id,contract.description AS description,contract.create_time AS create_time,contract.update_time AS update_time,contract.status AS status,contract.supplier_id AS supplier_id,contract.type AS type,business.name AS business_name,business.contacts_id AS contacts_id,business.customer_id AS customer_id,contacts.name AS contacts_name,customer.name AS customer_name,supplier.name AS supplier_name,user.name AS owner_name FROM crm_contract contract LEFT JOIN crm_business business ON contract.business_id=business.business_id LEFT JOIN crm_contacts contacts ON contacts.contacts_id=business.contacts_id LEFT JOIN crm_customer customer ON customer.customer_id=business.customer_id LEFT JOIN crm_supplier supplier ON contract.supplier_id=supplier.id LEFT JOIN crm_user user ON contract.owner_role_id=user.role_id WHERE ( contract.business_id in (%s) and contract.is_deleted=0 ) 
ERR: You have an error in your SQL syntax; check the manual that corresponds to your MySQL server version for the right syntax to use near '%s) )' at line 1
 [ SQL语句 ] : SELECT r_business_product.business_id AS business_id,r_business_product.product_id AS product_id,r_business_product.sales_price AS sales_price,r_business_product.amount AS amount,r_business_product.description AS description,business.name AS name,product.name AS name,product.cost_price AS cost_price FROM crm_r_business_product r_business_product LEFT JOIN crm_business business ON r_business_product.business_id=business.business_id LEFT JOIN crm_product product ON r_business_product.product_id=product.product_id WHERE ( r_business_product.business_id in (%s) ) 

[ 2016-01-15T16:05:43+08:00 ] 180.136.234.225 /index.php?m=customer&a=view&id=247
ERR: You have an error in your SQL syntax; check the manual that corresponds to your MySQL server version for the right syntax to use near '%s) )' at line 1
 [ SQL语句 ] : SELECT * FROM `crm_file` WHERE ( file_id in (%s) ) 
ERR: You have an error in your SQL syntax; check the manual that corresponds to your MySQL server version for the right syntax to use near '%s) and is_deleted=0 )' at line 1
 [ SQL语句 ] : SELECT * FROM `crm_task` WHERE ( task_id in (%s) and is_deleted=0 ) 
ERR: You have an error in your SQL syntax; check the manual that corresponds to your MySQL server version for the right syntax to use near '%s) and is_deleted=0 )' at line 1
 [ SQL语句 ] : SELECT * FROM `crm_event` WHERE ( event_id in (%s) and is_deleted=0 ) 
ERR: You have an error in your SQL syntax; check the manual that corresponds to your MySQL server version for the right syntax to use near '%s) )' at line 1
 [ SQL语句 ] : SELECT `log_id` FROM `crm_r_business_log` WHERE ( business_id in (%s) ) 
ERR: You have an error in your SQL syntax; check the manual that corresponds to your MySQL server version for the right syntax to use near ') )' at line 1
 [ SQL语句 ] : SELECT * FROM `crm_log` WHERE ( log_id in () ) 
ERR: Unknown column 'receivables.customer_id' in 'where clause'
 [ SQL语句 ] : SELECT receivables.receivables_id AS receivables_id,receivables.name AS name,receivables.price AS price,receivables.creator_role_id AS creator_role_id,receivables.owner_role_id AS owner_role_id,receivables.delete_role_id AS delete_role_id,receivables.is_deleted AS is_deleted,receivables.delete_time AS delete_time,receivables.pay_time AS pay_time,receivables.create_time AS create_time,receivables.description AS description,receivables.create_time AS create_time,receivables.status AS status,receivables.type AS type,receivables.bill_id AS bill_id,user.name AS creator_name FROM crm_receivables receivables LEFT JOIN crm_role role ON receivables.creator_role_id=role.role_id LEFT JOIN crm_user user ON role.user_id = user.user_id WHERE ( receivables.customer_id = 247 and receivables.is_deleted=0 ) 
ERR: Unknown column 'payables.customer_id' in 'where clause'
 [ SQL语句 ] : SELECT payables.payables_id AS payables_id,payables.name AS name,payables.price AS price,payables.creator_role_id AS creator_role_id,payables.owner_role_id AS owner_role_id,payables.delete_role_id AS delete_role_id,payables.delete_time AS delete_time,payables.is_deleted AS is_deleted,payables.pay_time AS pay_time,payables.create_time AS create_time,payables.update_time AS update_time,payables.description AS description,payables.type AS type,payables.bill_id AS bill_id,payables.status AS status,user.name AS creator_name FROM crm_payables payables LEFT JOIN crm_role role ON payables.creator_role_id=role.role_id LEFT JOIN crm_user user ON role.user_id = user.user_id WHERE ( payables.customer_id = 247 and payables.is_deleted=0 ) 
ERR: You have an error in your SQL syntax; check the manual that corresponds to your MySQL server version for the right syntax to use near '%s) and contract.is_deleted=0 )' at line 1
 [ SQL语句 ] : SELECT contract.contract_id AS contract_id,contract.number AS number,contract.business_id AS business_id,contract.is_deleted AS is_deleted,contract.start_date AS start_date,contract.end_date AS end_date,contract.delete_role_id AS delete_role_id,contract.delete_time AS delete_time,contract.price AS price,contract.due_time AS due_time,contract.content AS content,contract.creator_role_id AS creator_role_id,contract.owner_role_id AS owner_role_id,contract.description AS description,contract.create_time AS create_time,contract.update_time AS update_time,contract.status AS status,contract.supplier_id AS supplier_id,contract.type AS type,business.name AS business_name,business.contacts_id AS contacts_id,business.customer_id AS customer_id,contacts.name AS contacts_name,customer.name AS customer_name,supplier.name AS supplier_name,user.name AS owner_name FROM crm_contract contract LEFT JOIN crm_business business ON contract.business_id=business.business_id LEFT JOIN crm_contacts contacts ON contacts.contacts_id=business.contacts_id LEFT JOIN crm_customer customer ON customer.customer_id=business.customer_id LEFT JOIN crm_supplier supplier ON contract.supplier_id=supplier.id LEFT JOIN crm_user user ON contract.owner_role_id=user.role_id WHERE ( contract.business_id in (%s) and contract.is_deleted=0 ) 
ERR: You have an error in your SQL syntax; check the manual that corresponds to your MySQL server version for the right syntax to use near '%s) )' at line 1
 [ SQL语句 ] : SELECT r_business_product.business_id AS business_id,r_business_product.product_id AS product_id,r_business_product.sales_price AS sales_price,r_business_product.amount AS amount,r_business_product.description AS description,business.name AS name,product.name AS name,product.cost_price AS cost_price FROM crm_r_business_product r_business_product LEFT JOIN crm_business business ON r_business_product.business_id=business.business_id LEFT JOIN crm_product product ON r_business_product.product_id=product.product_id WHERE ( r_business_product.business_id in (%s) ) 

[ 2016-01-15T16:16:28+08:00 ] 180.136.234.225 /index.php?m=customer&a=view&id=210
ERR: You have an error in your SQL syntax; check the manual that corresponds to your MySQL server version for the right syntax to use near '%s) )' at line 1
 [ SQL语句 ] : SELECT * FROM `crm_file` WHERE ( file_id in (%s) ) 
ERR: You have an error in your SQL syntax; check the manual that corresponds to your MySQL server version for the right syntax to use near '%s) and is_deleted=0 )' at line 1
 [ SQL语句 ] : SELECT * FROM `crm_task` WHERE ( task_id in (%s) and is_deleted=0 ) 
ERR: You have an error in your SQL syntax; check the manual that corresponds to your MySQL server version for the right syntax to use near '%s) and is_deleted=0 )' at line 1
 [ SQL语句 ] : SELECT * FROM `crm_event` WHERE ( event_id in (%s) and is_deleted=0 ) 
ERR: You have an error in your SQL syntax; check the manual that corresponds to your MySQL server version for the right syntax to use near '%s) )' at line 1
 [ SQL语句 ] : SELECT `log_id` FROM `crm_r_business_log` WHERE ( business_id in (%s) ) 
ERR: You have an error in your SQL syntax; check the manual that corresponds to your MySQL server version for the right syntax to use near ') )' at line 1
 [ SQL语句 ] : SELECT * FROM `crm_log` WHERE ( log_id in () ) 
ERR: Unknown column 'receivables.customer_id' in 'where clause'
 [ SQL语句 ] : SELECT receivables.receivables_id AS receivables_id,receivables.name AS name,receivables.price AS price,receivables.creator_role_id AS creator_role_id,receivables.owner_role_id AS owner_role_id,receivables.delete_role_id AS delete_role_id,receivables.is_deleted AS is_deleted,receivables.delete_time AS delete_time,receivables.pay_time AS pay_time,receivables.create_time AS create_time,receivables.description AS description,receivables.create_time AS create_time,receivables.status AS status,receivables.type AS type,receivables.bill_id AS bill_id,user.name AS creator_name FROM crm_receivables receivables LEFT JOIN crm_role role ON receivables.creator_role_id=role.role_id LEFT JOIN crm_user user ON role.user_id = user.user_id WHERE ( receivables.customer_id = 210 and receivables.is_deleted=0 ) 
ERR: Unknown column 'payables.customer_id' in 'where clause'
 [ SQL语句 ] : SELECT payables.payables_id AS payables_id,payables.name AS name,payables.price AS price,payables.creator_role_id AS creator_role_id,payables.owner_role_id AS owner_role_id,payables.delete_role_id AS delete_role_id,payables.delete_time AS delete_time,payables.is_deleted AS is_deleted,payables.pay_time AS pay_time,payables.create_time AS create_time,payables.update_time AS update_time,payables.description AS description,payables.type AS type,payables.bill_id AS bill_id,payables.status AS status,user.name AS creator_name FROM crm_payables payables LEFT JOIN crm_role role ON payables.creator_role_id=role.role_id LEFT JOIN crm_user user ON role.user_id = user.user_id WHERE ( payables.customer_id = 210 and payables.is_deleted=0 ) 
ERR: You have an error in your SQL syntax; check the manual that corresponds to your MySQL server version for the right syntax to use near '%s) and contract.is_deleted=0 )' at line 1
 [ SQL语句 ] : SELECT contract.contract_id AS contract_id,contract.number AS number,contract.business_id AS business_id,contract.is_deleted AS is_deleted,contract.start_date AS start_date,contract.end_date AS end_date,contract.delete_role_id AS delete_role_id,contract.delete_time AS delete_time,contract.price AS price,contract.due_time AS due_time,contract.content AS content,contract.creator_role_id AS creator_role_id,contract.owner_role_id AS owner_role_id,contract.description AS description,contract.create_time AS create_time,contract.update_time AS update_time,contract.status AS status,contract.supplier_id AS supplier_id,contract.type AS type,business.name AS business_name,business.contacts_id AS contacts_id,business.customer_id AS customer_id,contacts.name AS contacts_name,customer.name AS customer_name,supplier.name AS supplier_name,user.name AS owner_name FROM crm_contract contract LEFT JOIN crm_business business ON contract.business_id=business.business_id LEFT JOIN crm_contacts contacts ON contacts.contacts_id=business.contacts_id LEFT JOIN crm_customer customer ON customer.customer_id=business.customer_id LEFT JOIN crm_supplier supplier ON contract.supplier_id=supplier.id LEFT JOIN crm_user user ON contract.owner_role_id=user.role_id WHERE ( contract.business_id in (%s) and contract.is_deleted=0 ) 
ERR: You have an error in your SQL syntax; check the manual that corresponds to your MySQL server version for the right syntax to use near '%s) )' at line 1
 [ SQL语句 ] : SELECT r_business_product.business_id AS business_id,r_business_product.product_id AS product_id,r_business_product.sales_price AS sales_price,r_business_product.amount AS amount,r_business_product.description AS description,business.name AS name,product.name AS name,product.cost_price AS cost_price FROM crm_r_business_product r_business_product LEFT JOIN crm_business business ON r_business_product.business_id=business.business_id LEFT JOIN crm_product product ON r_business_product.product_id=product.product_id WHERE ( r_business_product.business_id in (%s) ) 

[ 2016-01-15T16:18:07+08:00 ] 180.136.234.225 /index.php?m=customer&a=view&id=210
ERR: You have an error in your SQL syntax; check the manual that corresponds to your MySQL server version for the right syntax to use near '%s) )' at line 1
 [ SQL语句 ] : SELECT * FROM `crm_file` WHERE ( file_id in (%s) ) 
ERR: You have an error in your SQL syntax; check the manual that corresponds to your MySQL server version for the right syntax to use near '%s) and is_deleted=0 )' at line 1
 [ SQL语句 ] : SELECT * FROM `crm_task` WHERE ( task_id in (%s) and is_deleted=0 ) 
ERR: You have an error in your SQL syntax; check the manual that corresponds to your MySQL server version for the right syntax to use near '%s) and is_deleted=0 )' at line 1
 [ SQL语句 ] : SELECT * FROM `crm_event` WHERE ( event_id in (%s) and is_deleted=0 ) 
ERR: You have an error in your SQL syntax; check the manual that corresponds to your MySQL server version for the right syntax to use near '%s) )' at line 1
 [ SQL语句 ] : SELECT `log_id` FROM `crm_r_business_log` WHERE ( business_id in (%s) ) 
ERR: You have an error in your SQL syntax; check the manual that corresponds to your MySQL server version for the right syntax to use near ') )' at line 1
 [ SQL语句 ] : SELECT * FROM `crm_log` WHERE ( log_id in () ) 
ERR: Unknown column 'receivables.customer_id' in 'where clause'
 [ SQL语句 ] : SELECT receivables.receivables_id AS receivables_id,receivables.name AS name,receivables.price AS price,receivables.creator_role_id AS creator_role_id,receivables.owner_role_id AS owner_role_id,receivables.delete_role_id AS delete_role_id,receivables.is_deleted AS is_deleted,receivables.delete_time AS delete_time,receivables.pay_time AS pay_time,receivables.create_time AS create_time,receivables.description AS description,receivables.create_time AS create_time,receivables.status AS status,receivables.type AS type,receivables.bill_id AS bill_id,user.name AS creator_name FROM crm_receivables receivables LEFT JOIN crm_role role ON receivables.creator_role_id=role.role_id LEFT JOIN crm_user user ON role.user_id = user.user_id WHERE ( receivables.customer_id = 210 and receivables.is_deleted=0 ) 
ERR: Unknown column 'payables.customer_id' in 'where clause'
 [ SQL语句 ] : SELECT payables.payables_id AS payables_id,payables.name AS name,payables.price AS price,payables.creator_role_id AS creator_role_id,payables.owner_role_id AS owner_role_id,payables.delete_role_id AS delete_role_id,payables.delete_time AS delete_time,payables.is_deleted AS is_deleted,payables.pay_time AS pay_time,payables.create_time AS create_time,payables.update_time AS update_time,payables.description AS description,payables.type AS type,payables.bill_id AS bill_id,payables.status AS status,user.name AS creator_name FROM crm_payables payables LEFT JOIN crm_role role ON payables.creator_role_id=role.role_id LEFT JOIN crm_user user ON role.user_id = user.user_id WHERE ( payables.customer_id = 210 and payables.is_deleted=0 ) 
ERR: You have an error in your SQL syntax; check the manual that corresponds to your MySQL server version for the right syntax to use near '%s) and contract.is_deleted=0 )' at line 1
 [ SQL语句 ] : SELECT contract.contract_id AS contract_id,contract.number AS number,contract.business_id AS business_id,contract.is_deleted AS is_deleted,contract.start_date AS start_date,contract.end_date AS end_date,contract.delete_role_id AS delete_role_id,contract.delete_time AS delete_time,contract.price AS price,contract.due_time AS due_time,contract.content AS content,contract.creator_role_id AS creator_role_id,contract.owner_role_id AS owner_role_id,contract.description AS description,contract.create_time AS create_time,contract.update_time AS update_time,contract.status AS status,contract.supplier_id AS supplier_id,contract.type AS type,business.name AS business_name,business.contacts_id AS contacts_id,business.customer_id AS customer_id,contacts.name AS contacts_name,customer.name AS customer_name,supplier.name AS supplier_name,user.name AS owner_name FROM crm_contract contract LEFT JOIN crm_business business ON contract.business_id=business.business_id LEFT JOIN crm_contacts contacts ON contacts.contacts_id=business.contacts_id LEFT JOIN crm_customer customer ON customer.customer_id=business.customer_id LEFT JOIN crm_supplier supplier ON contract.supplier_id=supplier.id LEFT JOIN crm_user user ON contract.owner_role_id=user.role_id WHERE ( contract.business_id in (%s) and contract.is_deleted=0 ) 
ERR: You have an error in your SQL syntax; check the manual that corresponds to your MySQL server version for the right syntax to use near '%s) )' at line 1
 [ SQL语句 ] : SELECT r_business_product.business_id AS business_id,r_business_product.product_id AS product_id,r_business_product.sales_price AS sales_price,r_business_product.amount AS amount,r_business_product.description AS description,business.name AS name,product.name AS name,product.cost_price AS cost_price FROM crm_r_business_product r_business_product LEFT JOIN crm_business business ON r_business_product.business_id=business.business_id LEFT JOIN crm_product product ON r_business_product.product_id=product.product_id WHERE ( r_business_product.business_id in (%s) ) 

[ 2016-01-15T16:20:22+08:00 ] 180.136.234.225 /index.php?m=finance&a=zensong
ERR: You have an error in your SQL syntax; check the manual that corresponds to your MySQL server version for the right syntax to use near ') LIMIT 1' at line 1
 [ SQL语句 ] : SELECT `name` FROM `crm_user` WHERE ( role_id= ) LIMIT 1  

[ 2016-01-15T16:21:09+08:00 ] 180.136.234.225 /index.php?customer=all&role=28&start_time=&end_time=&act=search&zsact=search&m=finance&a=zensong
ERR: You have an error in your SQL syntax; check the manual that corresponds to your MySQL server version for the right syntax to use near ') LIMIT 1' at line 1
 [ SQL语句 ] : SELECT `name` FROM `crm_user` WHERE ( role_id= ) LIMIT 1  

[ 2016-01-15T16:44:14+08:00 ] 180.136.234.225 /index.php?m=customer&a=view&id=64
ERR: You have an error in your SQL syntax; check the manual that corresponds to your MySQL server version for the right syntax to use near '%s) )' at line 1
 [ SQL语句 ] : SELECT * FROM `crm_file` WHERE ( file_id in (%s) ) 
ERR: You have an error in your SQL syntax; check the manual that corresponds to your MySQL server version for the right syntax to use near '%s) and is_deleted=0 )' at line 1
 [ SQL语句 ] : SELECT * FROM `crm_task` WHERE ( task_id in (%s) and is_deleted=0 ) 
ERR: You have an error in your SQL syntax; check the manual that corresponds to your MySQL server version for the right syntax to use near '%s) and is_deleted=0 )' at line 1
 [ SQL语句 ] : SELECT * FROM `crm_event` WHERE ( event_id in (%s) and is_deleted=0 ) 
ERR: You have an error in your SQL syntax; check the manual that corresponds to your MySQL server version for the right syntax to use near '%s) )' at line 1
 [ SQL语句 ] : SELECT `log_id` FROM `crm_r_business_log` WHERE ( business_id in (%s) ) 
ERR: You have an error in your SQL syntax; check the manual that corresponds to your MySQL server version for the right syntax to use near ') )' at line 1
 [ SQL语句 ] : SELECT * FROM `crm_log` WHERE ( log_id in () ) 
ERR: Unknown column 'receivables.customer_id' in 'where clause'
 [ SQL语句 ] : SELECT receivables.receivables_id AS receivables_id,receivables.name AS name,receivables.price AS price,receivables.creator_role_id AS creator_role_id,receivables.owner_role_id AS owner_role_id,receivables.delete_role_id AS delete_role_id,receivables.is_deleted AS is_deleted,receivables.delete_time AS delete_time,receivables.pay_time AS pay_time,receivables.create_time AS create_time,receivables.description AS description,receivables.create_time AS create_time,receivables.status AS status,receivables.type AS type,receivables.bill_id AS bill_id,user.name AS creator_name FROM crm_receivables receivables LEFT JOIN crm_role role ON receivables.creator_role_id=role.role_id LEFT JOIN crm_user user ON role.user_id = user.user_id WHERE ( receivables.customer_id = 64 and receivables.is_deleted=0 ) 
ERR: Unknown column 'payables.customer_id' in 'where clause'
 [ SQL语句 ] : SELECT payables.payables_id AS payables_id,payables.name AS name,payables.price AS price,payables.creator_role_id AS creator_role_id,payables.owner_role_id AS owner_role_id,payables.delete_role_id AS delete_role_id,payables.delete_time AS delete_time,payables.is_deleted AS is_deleted,payables.pay_time AS pay_time,payables.create_time AS create_time,payables.update_time AS update_time,payables.description AS description,payables.type AS type,payables.bill_id AS bill_id,payables.status AS status,user.name AS creator_name FROM crm_payables payables LEFT JOIN crm_role role ON payables.creator_role_id=role.role_id LEFT JOIN crm_user user ON role.user_id = user.user_id WHERE ( payables.customer_id = 64 and payables.is_deleted=0 ) 
ERR: You have an error in your SQL syntax; check the manual that corresponds to your MySQL server version for the right syntax to use near '%s) and contract.is_deleted=0 )' at line 1
 [ SQL语句 ] : SELECT contract.contract_id AS contract_id,contract.number AS number,contract.business_id AS business_id,contract.is_deleted AS is_deleted,contract.start_date AS start_date,contract.end_date AS end_date,contract.delete_role_id AS delete_role_id,contract.delete_time AS delete_time,contract.price AS price,contract.due_time AS due_time,contract.content AS content,contract.creator_role_id AS creator_role_id,contract.owner_role_id AS owner_role_id,contract.description AS description,contract.create_time AS create_time,contract.update_time AS update_time,contract.status AS status,contract.supplier_id AS supplier_id,contract.type AS type,business.name AS business_name,business.contacts_id AS contacts_id,business.customer_id AS customer_id,contacts.name AS contacts_name,customer.name AS customer_name,supplier.name AS supplier_name,user.name AS owner_name FROM crm_contract contract LEFT JOIN crm_business business ON contract.business_id=business.business_id LEFT JOIN crm_contacts contacts ON contacts.contacts_id=business.contacts_id LEFT JOIN crm_customer customer ON customer.customer_id=business.customer_id LEFT JOIN crm_supplier supplier ON contract.supplier_id=supplier.id LEFT JOIN crm_user user ON contract.owner_role_id=user.role_id WHERE ( contract.business_id in (%s) and contract.is_deleted=0 ) 
ERR: You have an error in your SQL syntax; check the manual that corresponds to your MySQL server version for the right syntax to use near '%s) )' at line 1
 [ SQL语句 ] : SELECT r_business_product.business_id AS business_id,r_business_product.product_id AS product_id,r_business_product.sales_price AS sales_price,r_business_product.amount AS amount,r_business_product.description AS description,business.name AS name,product.name AS name,product.cost_price AS cost_price FROM crm_r_business_product r_business_product LEFT JOIN crm_business business ON r_business_product.business_id=business.business_id LEFT JOIN crm_product product ON r_business_product.product_id=product.product_id WHERE ( r_business_product.business_id in (%s) ) 

[ 2016-01-15T16:45:16+08:00 ] 180.136.234.225 /index.php?m=customer&a=view&id=71
ERR: You have an error in your SQL syntax; check the manual that corresponds to your MySQL server version for the right syntax to use near '%s) )' at line 1
 [ SQL语句 ] : SELECT * FROM `crm_file` WHERE ( file_id in (%s) ) 
ERR: You have an error in your SQL syntax; check the manual that corresponds to your MySQL server version for the right syntax to use near '%s) and is_deleted=0 )' at line 1
 [ SQL语句 ] : SELECT * FROM `crm_task` WHERE ( task_id in (%s) and is_deleted=0 ) 
ERR: You have an error in your SQL syntax; check the manual that corresponds to your MySQL server version for the right syntax to use near '%s) and is_deleted=0 )' at line 1
 [ SQL语句 ] : SELECT * FROM `crm_event` WHERE ( event_id in (%s) and is_deleted=0 ) 
ERR: You have an error in your SQL syntax; check the manual that corresponds to your MySQL server version for the right syntax to use near '%s) )' at line 1
 [ SQL语句 ] : SELECT `log_id` FROM `crm_r_business_log` WHERE ( business_id in (%s) ) 
ERR: You have an error in your SQL syntax; check the manual that corresponds to your MySQL server version for the right syntax to use near ') )' at line 1
 [ SQL语句 ] : SELECT * FROM `crm_log` WHERE ( log_id in () ) 
ERR: Unknown column 'receivables.customer_id' in 'where clause'
 [ SQL语句 ] : SELECT receivables.receivables_id AS receivables_id,receivables.name AS name,receivables.price AS price,receivables.creator_role_id AS creator_role_id,receivables.owner_role_id AS owner_role_id,receivables.delete_role_id AS delete_role_id,receivables.is_deleted AS is_deleted,receivables.delete_time AS delete_time,receivables.pay_time AS pay_time,receivables.create_time AS create_time,receivables.description AS description,receivables.create_time AS create_time,receivables.status AS status,receivables.type AS type,receivables.bill_id AS bill_id,user.name AS creator_name FROM crm_receivables receivables LEFT JOIN crm_role role ON receivables.creator_role_id=role.role_id LEFT JOIN crm_user user ON role.user_id = user.user_id WHERE ( receivables.customer_id = 71 and receivables.is_deleted=0 ) 
ERR: Unknown column 'payables.customer_id' in 'where clause'
 [ SQL语句 ] : SELECT payables.payables_id AS payables_id,payables.name AS name,payables.price AS price,payables.creator_role_id AS creator_role_id,payables.owner_role_id AS owner_role_id,payables.delete_role_id AS delete_role_id,payables.delete_time AS delete_time,payables.is_deleted AS is_deleted,payables.pay_time AS pay_time,payables.create_time AS create_time,payables.update_time AS update_time,payables.description AS description,payables.type AS type,payables.bill_id AS bill_id,payables.status AS status,user.name AS creator_name FROM crm_payables payables LEFT JOIN crm_role role ON payables.creator_role_id=role.role_id LEFT JOIN crm_user user ON role.user_id = user.user_id WHERE ( payables.customer_id = 71 and payables.is_deleted=0 ) 
ERR: You have an error in your SQL syntax; check the manual that corresponds to your MySQL server version for the right syntax to use near '%s) and contract.is_deleted=0 )' at line 1
 [ SQL语句 ] : SELECT contract.contract_id AS contract_id,contract.number AS number,contract.business_id AS business_id,contract.is_deleted AS is_deleted,contract.start_date AS start_date,contract.end_date AS end_date,contract.delete_role_id AS delete_role_id,contract.delete_time AS delete_time,contract.price AS price,contract.due_time AS due_time,contract.content AS content,contract.creator_role_id AS creator_role_id,contract.owner_role_id AS owner_role_id,contract.description AS description,contract.create_time AS create_time,contract.update_time AS update_time,contract.status AS status,contract.supplier_id AS supplier_id,contract.type AS type,business.name AS business_name,business.contacts_id AS contacts_id,business.customer_id AS customer_id,contacts.name AS contacts_name,customer.name AS customer_name,supplier.name AS supplier_name,user.name AS owner_name FROM crm_contract contract LEFT JOIN crm_business business ON contract.business_id=business.business_id LEFT JOIN crm_contacts contacts ON contacts.contacts_id=business.contacts_id LEFT JOIN crm_customer customer ON customer.customer_id=business.customer_id LEFT JOIN crm_supplier supplier ON contract.supplier_id=supplier.id LEFT JOIN crm_user user ON contract.owner_role_id=user.role_id WHERE ( contract.business_id in (%s) and contract.is_deleted=0 ) 
ERR: You have an error in your SQL syntax; check the manual that corresponds to your MySQL server version for the right syntax to use near '%s) )' at line 1
 [ SQL语句 ] : SELECT r_business_product.business_id AS business_id,r_business_product.product_id AS product_id,r_business_product.sales_price AS sales_price,r_business_product.amount AS amount,r_business_product.description AS description,business.name AS name,product.name AS name,product.cost_price AS cost_price FROM crm_r_business_product r_business_product LEFT JOIN crm_business business ON r_business_product.business_id=business.business_id LEFT JOIN crm_product product ON r_business_product.product_id=product.product_id WHERE ( r_business_product.business_id in (%s) ) 

[ 2016-01-15T16:46:07+08:00 ] 180.136.234.225 /index.php?m=customer&a=view&id=68
ERR: You have an error in your SQL syntax; check the manual that corresponds to your MySQL server version for the right syntax to use near '%s) )' at line 1
 [ SQL语句 ] : SELECT * FROM `crm_file` WHERE ( file_id in (%s) ) 
ERR: You have an error in your SQL syntax; check the manual that corresponds to your MySQL server version for the right syntax to use near '%s) and is_deleted=0 )' at line 1
 [ SQL语句 ] : SELECT * FROM `crm_task` WHERE ( task_id in (%s) and is_deleted=0 ) 
ERR: You have an error in your SQL syntax; check the manual that corresponds to your MySQL server version for the right syntax to use near '%s) and is_deleted=0 )' at line 1
 [ SQL语句 ] : SELECT * FROM `crm_event` WHERE ( event_id in (%s) and is_deleted=0 ) 
ERR: You have an error in your SQL syntax; check the manual that corresponds to your MySQL server version for the right syntax to use near '%s) )' at line 1
 [ SQL语句 ] : SELECT `log_id` FROM `crm_r_business_log` WHERE ( business_id in (%s) ) 
ERR: You have an error in your SQL syntax; check the manual that corresponds to your MySQL server version for the right syntax to use near ') )' at line 1
 [ SQL语句 ] : SELECT * FROM `crm_log` WHERE ( log_id in () ) 
ERR: Unknown column 'receivables.customer_id' in 'where clause'
 [ SQL语句 ] : SELECT receivables.receivables_id AS receivables_id,receivables.name AS name,receivables.price AS price,receivables.creator_role_id AS creator_role_id,receivables.owner_role_id AS owner_role_id,receivables.delete_role_id AS delete_role_id,receivables.is_deleted AS is_deleted,receivables.delete_time AS delete_time,receivables.pay_time AS pay_time,receivables.create_time AS create_time,receivables.description AS description,receivables.create_time AS create_time,receivables.status AS status,receivables.type AS type,receivables.bill_id AS bill_id,user.name AS creator_name FROM crm_receivables receivables LEFT JOIN crm_role role ON receivables.creator_role_id=role.role_id LEFT JOIN crm_user user ON role.user_id = user.user_id WHERE ( receivables.customer_id = 68 and receivables.is_deleted=0 ) 
ERR: Unknown column 'payables.customer_id' in 'where clause'
 [ SQL语句 ] : SELECT payables.payables_id AS payables_id,payables.name AS name,payables.price AS price,payables.creator_role_id AS creator_role_id,payables.owner_role_id AS owner_role_id,payables.delete_role_id AS delete_role_id,payables.delete_time AS delete_time,payables.is_deleted AS is_deleted,payables.pay_time AS pay_time,payables.create_time AS create_time,payables.update_time AS update_time,payables.description AS description,payables.type AS type,payables.bill_id AS bill_id,payables.status AS status,user.name AS creator_name FROM crm_payables payables LEFT JOIN crm_role role ON payables.creator_role_id=role.role_id LEFT JOIN crm_user user ON role.user_id = user.user_id WHERE ( payables.customer_id = 68 and payables.is_deleted=0 ) 
ERR: You have an error in your SQL syntax; check the manual that corresponds to your MySQL server version for the right syntax to use near '%s) and contract.is_deleted=0 )' at line 1
 [ SQL语句 ] : SELECT contract.contract_id AS contract_id,contract.number AS number,contract.business_id AS business_id,contract.is_deleted AS is_deleted,contract.start_date AS start_date,contract.end_date AS end_date,contract.delete_role_id AS delete_role_id,contract.delete_time AS delete_time,contract.price AS price,contract.due_time AS due_time,contract.content AS content,contract.creator_role_id AS creator_role_id,contract.owner_role_id AS owner_role_id,contract.description AS description,contract.create_time AS create_time,contract.update_time AS update_time,contract.status AS status,contract.supplier_id AS supplier_id,contract.type AS type,business.name AS business_name,business.contacts_id AS contacts_id,business.customer_id AS customer_id,contacts.name AS contacts_name,customer.name AS customer_name,supplier.name AS supplier_name,user.name AS owner_name FROM crm_contract contract LEFT JOIN crm_business business ON contract.business_id=business.business_id LEFT JOIN crm_contacts contacts ON contacts.contacts_id=business.contacts_id LEFT JOIN crm_customer customer ON customer.customer_id=business.customer_id LEFT JOIN crm_supplier supplier ON contract.supplier_id=supplier.id LEFT JOIN crm_user user ON contract.owner_role_id=user.role_id WHERE ( contract.business_id in (%s) and contract.is_deleted=0 ) 
ERR: You have an error in your SQL syntax; check the manual that corresponds to your MySQL server version for the right syntax to use near '%s) )' at line 1
 [ SQL语句 ] : SELECT r_business_product.business_id AS business_id,r_business_product.product_id AS product_id,r_business_product.sales_price AS sales_price,r_business_product.amount AS amount,r_business_product.description AS description,business.name AS name,product.name AS name,product.cost_price AS cost_price FROM crm_r_business_product r_business_product LEFT JOIN crm_business business ON r_business_product.business_id=business.business_id LEFT JOIN crm_product product ON r_business_product.product_id=product.product_id WHERE ( r_business_product.business_id in (%s) ) 

[ 2016-01-15T16:47:19+08:00 ] 180.136.234.225 /index.php?m=customer&a=view&id=70
ERR: You have an error in your SQL syntax; check the manual that corresponds to your MySQL server version for the right syntax to use near '%s) )' at line 1
 [ SQL语句 ] : SELECT * FROM `crm_file` WHERE ( file_id in (%s) ) 
ERR: You have an error in your SQL syntax; check the manual that corresponds to your MySQL server version for the right syntax to use near '%s) and is_deleted=0 )' at line 1
 [ SQL语句 ] : SELECT * FROM `crm_task` WHERE ( task_id in (%s) and is_deleted=0 ) 
ERR: You have an error in your SQL syntax; check the manual that corresponds to your MySQL server version for the right syntax to use near '%s) and is_deleted=0 )' at line 1
 [ SQL语句 ] : SELECT * FROM `crm_event` WHERE ( event_id in (%s) and is_deleted=0 ) 
ERR: You have an error in your SQL syntax; check the manual that corresponds to your MySQL server version for the right syntax to use near '%s) )' at line 1
 [ SQL语句 ] : SELECT `log_id` FROM `crm_r_business_log` WHERE ( business_id in (%s) ) 
ERR: You have an error in your SQL syntax; check the manual that corresponds to your MySQL server version for the right syntax to use near ') )' at line 1
 [ SQL语句 ] : SELECT * FROM `crm_log` WHERE ( log_id in () ) 
ERR: Unknown column 'receivables.customer_id' in 'where clause'
 [ SQL语句 ] : SELECT receivables.receivables_id AS receivables_id,receivables.name AS name,receivables.price AS price,receivables.creator_role_id AS creator_role_id,receivables.owner_role_id AS owner_role_id,receivables.delete_role_id AS delete_role_id,receivables.is_deleted AS is_deleted,receivables.delete_time AS delete_time,receivables.pay_time AS pay_time,receivables.create_time AS create_time,receivables.description AS description,receivables.create_time AS create_time,receivables.status AS status,receivables.type AS type,receivables.bill_id AS bill_id,user.name AS creator_name FROM crm_receivables receivables LEFT JOIN crm_role role ON receivables.creator_role_id=role.role_id LEFT JOIN crm_user user ON role.user_id = user.user_id WHERE ( receivables.customer_id = 70 and receivables.is_deleted=0 ) 
ERR: Unknown column 'payables.customer_id' in 'where clause'
 [ SQL语句 ] : SELECT payables.payables_id AS payables_id,payables.name AS name,payables.price AS price,payables.creator_role_id AS creator_role_id,payables.owner_role_id AS owner_role_id,payables.delete_role_id AS delete_role_id,payables.delete_time AS delete_time,payables.is_deleted AS is_deleted,payables.pay_time AS pay_time,payables.create_time AS create_time,payables.update_time AS update_time,payables.description AS description,payables.type AS type,payables.bill_id AS bill_id,payables.status AS status,user.name AS creator_name FROM crm_payables payables LEFT JOIN crm_role role ON payables.creator_role_id=role.role_id LEFT JOIN crm_user user ON role.user_id = user.user_id WHERE ( payables.customer_id = 70 and payables.is_deleted=0 ) 
ERR: You have an error in your SQL syntax; check the manual that corresponds to your MySQL server version for the right syntax to use near '%s) and contract.is_deleted=0 )' at line 1
 [ SQL语句 ] : SELECT contract.contract_id AS contract_id,contract.number AS number,contract.business_id AS business_id,contract.is_deleted AS is_deleted,contract.start_date AS start_date,contract.end_date AS end_date,contract.delete_role_id AS delete_role_id,contract.delete_time AS delete_time,contract.price AS price,contract.due_time AS due_time,contract.content AS content,contract.creator_role_id AS creator_role_id,contract.owner_role_id AS owner_role_id,contract.description AS description,contract.create_time AS create_time,contract.update_time AS update_time,contract.status AS status,contract.supplier_id AS supplier_id,contract.type AS type,business.name AS business_name,business.contacts_id AS contacts_id,business.customer_id AS customer_id,contacts.name AS contacts_name,customer.name AS customer_name,supplier.name AS supplier_name,user.name AS owner_name FROM crm_contract contract LEFT JOIN crm_business business ON contract.business_id=business.business_id LEFT JOIN crm_contacts contacts ON contacts.contacts_id=business.contacts_id LEFT JOIN crm_customer customer ON customer.customer_id=business.customer_id LEFT JOIN crm_supplier supplier ON contract.supplier_id=supplier.id LEFT JOIN crm_user user ON contract.owner_role_id=user.role_id WHERE ( contract.business_id in (%s) and contract.is_deleted=0 ) 
ERR: You have an error in your SQL syntax; check the manual that corresponds to your MySQL server version for the right syntax to use near '%s) )' at line 1
 [ SQL语句 ] : SELECT r_business_product.business_id AS business_id,r_business_product.product_id AS product_id,r_business_product.sales_price AS sales_price,r_business_product.amount AS amount,r_business_product.description AS description,business.name AS name,product.name AS name,product.cost_price AS cost_price FROM crm_r_business_product r_business_product LEFT JOIN crm_business business ON r_business_product.business_id=business.business_id LEFT JOIN crm_product product ON r_business_product.product_id=product.product_id WHERE ( r_business_product.business_id in (%s) ) 

[ 2016-01-15T16:47:53+08:00 ] 180.136.234.225 /index.php?m=customer&a=view&id=68
ERR: You have an error in your SQL syntax; check the manual that corresponds to your MySQL server version for the right syntax to use near '%s) )' at line 1
 [ SQL语句 ] : SELECT * FROM `crm_file` WHERE ( file_id in (%s) ) 
ERR: You have an error in your SQL syntax; check the manual that corresponds to your MySQL server version for the right syntax to use near '%s) and is_deleted=0 )' at line 1
 [ SQL语句 ] : SELECT * FROM `crm_task` WHERE ( task_id in (%s) and is_deleted=0 ) 
ERR: You have an error in your SQL syntax; check the manual that corresponds to your MySQL server version for the right syntax to use near '%s) and is_deleted=0 )' at line 1
 [ SQL语句 ] : SELECT * FROM `crm_event` WHERE ( event_id in (%s) and is_deleted=0 ) 
ERR: You have an error in your SQL syntax; check the manual that corresponds to your MySQL server version for the right syntax to use near '%s) )' at line 1
 [ SQL语句 ] : SELECT `log_id` FROM `crm_r_business_log` WHERE ( business_id in (%s) ) 
ERR: You have an error in your SQL syntax; check the manual that corresponds to your MySQL server version for the right syntax to use near ') )' at line 1
 [ SQL语句 ] : SELECT * FROM `crm_log` WHERE ( log_id in () ) 
ERR: Unknown column 'receivables.customer_id' in 'where clause'
 [ SQL语句 ] : SELECT receivables.receivables_id AS receivables_id,receivables.name AS name,receivables.price AS price,receivables.creator_role_id AS creator_role_id,receivables.owner_role_id AS owner_role_id,receivables.delete_role_id AS delete_role_id,receivables.is_deleted AS is_deleted,receivables.delete_time AS delete_time,receivables.pay_time AS pay_time,receivables.create_time AS create_time,receivables.description AS description,receivables.create_time AS create_time,receivables.status AS status,receivables.type AS type,receivables.bill_id AS bill_id,user.name AS creator_name FROM crm_receivables receivables LEFT JOIN crm_role role ON receivables.creator_role_id=role.role_id LEFT JOIN crm_user user ON role.user_id = user.user_id WHERE ( receivables.customer_id = 68 and receivables.is_deleted=0 ) 
ERR: Unknown column 'payables.customer_id' in 'where clause'
 [ SQL语句 ] : SELECT payables.payables_id AS payables_id,payables.name AS name,payables.price AS price,payables.creator_role_id AS creator_role_id,payables.owner_role_id AS owner_role_id,payables.delete_role_id AS delete_role_id,payables.delete_time AS delete_time,payables.is_deleted AS is_deleted,payables.pay_time AS pay_time,payables.create_time AS create_time,payables.update_time AS update_time,payables.description AS description,payables.type AS type,payables.bill_id AS bill_id,payables.status AS status,user.name AS creator_name FROM crm_payables payables LEFT JOIN crm_role role ON payables.creator_role_id=role.role_id LEFT JOIN crm_user user ON role.user_id = user.user_id WHERE ( payables.customer_id = 68 and payables.is_deleted=0 ) 
ERR: You have an error in your SQL syntax; check the manual that corresponds to your MySQL server version for the right syntax to use near '%s) and contract.is_deleted=0 )' at line 1
 [ SQL语句 ] : SELECT contract.contract_id AS contract_id,contract.number AS number,contract.business_id AS business_id,contract.is_deleted AS is_deleted,contract.start_date AS start_date,contract.end_date AS end_date,contract.delete_role_id AS delete_role_id,contract.delete_time AS delete_time,contract.price AS price,contract.due_time AS due_time,contract.content AS content,contract.creator_role_id AS creator_role_id,contract.owner_role_id AS owner_role_id,contract.description AS description,contract.create_time AS create_time,contract.update_time AS update_time,contract.status AS status,contract.supplier_id AS supplier_id,contract.type AS type,business.name AS business_name,business.contacts_id AS contacts_id,business.customer_id AS customer_id,contacts.name AS contacts_name,customer.name AS customer_name,supplier.name AS supplier_name,user.name AS owner_name FROM crm_contract contract LEFT JOIN crm_business business ON contract.business_id=business.business_id LEFT JOIN crm_contacts contacts ON contacts.contacts_id=business.contacts_id LEFT JOIN crm_customer customer ON customer.customer_id=business.customer_id LEFT JOIN crm_supplier supplier ON contract.supplier_id=supplier.id LEFT JOIN crm_user user ON contract.owner_role_id=user.role_id WHERE ( contract.business_id in (%s) and contract.is_deleted=0 ) 
ERR: You have an error in your SQL syntax; check the manual that corresponds to your MySQL server version for the right syntax to use near '%s) )' at line 1
 [ SQL语句 ] : SELECT r_business_product.business_id AS business_id,r_business_product.product_id AS product_id,r_business_product.sales_price AS sales_price,r_business_product.amount AS amount,r_business_product.description AS description,business.name AS name,product.name AS name,product.cost_price AS cost_price FROM crm_r_business_product r_business_product LEFT JOIN crm_business business ON r_business_product.business_id=business.business_id LEFT JOIN crm_product product ON r_business_product.product_id=product.product_id WHERE ( r_business_product.business_id in (%s) ) 

[ 2016-01-15T16:48:12+08:00 ] 180.136.234.225 /index.php?m=customer&a=view&id=135
ERR: You have an error in your SQL syntax; check the manual that corresponds to your MySQL server version for the right syntax to use near '%s) )' at line 1
 [ SQL语句 ] : SELECT * FROM `crm_file` WHERE ( file_id in (%s) ) 
ERR: You have an error in your SQL syntax; check the manual that corresponds to your MySQL server version for the right syntax to use near '%s) and is_deleted=0 )' at line 1
 [ SQL语句 ] : SELECT * FROM `crm_task` WHERE ( task_id in (%s) and is_deleted=0 ) 
ERR: You have an error in your SQL syntax; check the manual that corresponds to your MySQL server version for the right syntax to use near '%s) and is_deleted=0 )' at line 1
 [ SQL语句 ] : SELECT * FROM `crm_event` WHERE ( event_id in (%s) and is_deleted=0 ) 
ERR: You have an error in your SQL syntax; check the manual that corresponds to your MySQL server version for the right syntax to use near '%s) )' at line 1
 [ SQL语句 ] : SELECT `log_id` FROM `crm_r_business_log` WHERE ( business_id in (%s) ) 
ERR: You have an error in your SQL syntax; check the manual that corresponds to your MySQL server version for the right syntax to use near ') )' at line 1
 [ SQL语句 ] : SELECT * FROM `crm_log` WHERE ( log_id in () ) 
ERR: Unknown column 'receivables.customer_id' in 'where clause'
 [ SQL语句 ] : SELECT receivables.receivables_id AS receivables_id,receivables.name AS name,receivables.price AS price,receivables.creator_role_id AS creator_role_id,receivables.owner_role_id AS owner_role_id,receivables.delete_role_id AS delete_role_id,receivables.is_deleted AS is_deleted,receivables.delete_time AS delete_time,receivables.pay_time AS pay_time,receivables.create_time AS create_time,receivables.description AS description,receivables.create_time AS create_time,receivables.status AS status,receivables.type AS type,receivables.bill_id AS bill_id,user.name AS creator_name FROM crm_receivables receivables LEFT JOIN crm_role role ON receivables.creator_role_id=role.role_id LEFT JOIN crm_user user ON role.user_id = user.user_id WHERE ( receivables.customer_id = 135 and receivables.is_deleted=0 ) 
ERR: Unknown column 'payables.customer_id' in 'where clause'
 [ SQL语句 ] : SELECT payables.payables_id AS payables_id,payables.name AS name,payables.price AS price,payables.creator_role_id AS creator_role_id,payables.owner_role_id AS owner_role_id,payables.delete_role_id AS delete_role_id,payables.delete_time AS delete_time,payables.is_deleted AS is_deleted,payables.pay_time AS pay_time,payables.create_time AS create_time,payables.update_time AS update_time,payables.description AS description,payables.type AS type,payables.bill_id AS bill_id,payables.status AS status,user.name AS creator_name FROM crm_payables payables LEFT JOIN crm_role role ON payables.creator_role_id=role.role_id LEFT JOIN crm_user user ON role.user_id = user.user_id WHERE ( payables.customer_id = 135 and payables.is_deleted=0 ) 
ERR: You have an error in your SQL syntax; check the manual that corresponds to your MySQL server version for the right syntax to use near '%s) and contract.is_deleted=0 )' at line 1
 [ SQL语句 ] : SELECT contract.contract_id AS contract_id,contract.number AS number,contract.business_id AS business_id,contract.is_deleted AS is_deleted,contract.start_date AS start_date,contract.end_date AS end_date,contract.delete_role_id AS delete_role_id,contract.delete_time AS delete_time,contract.price AS price,contract.due_time AS due_time,contract.content AS content,contract.creator_role_id AS creator_role_id,contract.owner_role_id AS owner_role_id,contract.description AS description,contract.create_time AS create_time,contract.update_time AS update_time,contract.status AS status,contract.supplier_id AS supplier_id,contract.type AS type,business.name AS business_name,business.contacts_id AS contacts_id,business.customer_id AS customer_id,contacts.name AS contacts_name,customer.name AS customer_name,supplier.name AS supplier_name,user.name AS owner_name FROM crm_contract contract LEFT JOIN crm_business business ON contract.business_id=business.business_id LEFT JOIN crm_contacts contacts ON contacts.contacts_id=business.contacts_id LEFT JOIN crm_customer customer ON customer.customer_id=business.customer_id LEFT JOIN crm_supplier supplier ON contract.supplier_id=supplier.id LEFT JOIN crm_user user ON contract.owner_role_id=user.role_id WHERE ( contract.business_id in (%s) and contract.is_deleted=0 ) 
ERR: You have an error in your SQL syntax; check the manual that corresponds to your MySQL server version for the right syntax to use near '%s) )' at line 1
 [ SQL语句 ] : SELECT r_business_product.business_id AS business_id,r_business_product.product_id AS product_id,r_business_product.sales_price AS sales_price,r_business_product.amount AS amount,r_business_product.description AS description,business.name AS name,product.name AS name,product.cost_price AS cost_price FROM crm_r_business_product r_business_product LEFT JOIN crm_business business ON r_business_product.business_id=business.business_id LEFT JOIN crm_product product ON r_business_product.product_id=product.product_id WHERE ( r_business_product.business_id in (%s) ) 

[ 2016-01-15T16:49:04+08:00 ] 180.136.234.225 /index.php?m=customer&a=view&id=136
ERR: You have an error in your SQL syntax; check the manual that corresponds to your MySQL server version for the right syntax to use near '%s) )' at line 1
 [ SQL语句 ] : SELECT * FROM `crm_file` WHERE ( file_id in (%s) ) 
ERR: You have an error in your SQL syntax; check the manual that corresponds to your MySQL server version for the right syntax to use near '%s) and is_deleted=0 )' at line 1
 [ SQL语句 ] : SELECT * FROM `crm_task` WHERE ( task_id in (%s) and is_deleted=0 ) 
ERR: You have an error in your SQL syntax; check the manual that corresponds to your MySQL server version for the right syntax to use near '%s) and is_deleted=0 )' at line 1
 [ SQL语句 ] : SELECT * FROM `crm_event` WHERE ( event_id in (%s) and is_deleted=0 ) 
ERR: You have an error in your SQL syntax; check the manual that corresponds to your MySQL server version for the right syntax to use near '%s) )' at line 1
 [ SQL语句 ] : SELECT `log_id` FROM `crm_r_business_log` WHERE ( business_id in (%s) ) 
ERR: You have an error in your SQL syntax; check the manual that corresponds to your MySQL server version for the right syntax to use near ') )' at line 1
 [ SQL语句 ] : SELECT * FROM `crm_log` WHERE ( log_id in () ) 
ERR: Unknown column 'receivables.customer_id' in 'where clause'
 [ SQL语句 ] : SELECT receivables.receivables_id AS receivables_id,receivables.name AS name,receivables.price AS price,receivables.creator_role_id AS creator_role_id,receivables.owner_role_id AS owner_role_id,receivables.delete_role_id AS delete_role_id,receivables.is_deleted AS is_deleted,receivables.delete_time AS delete_time,receivables.pay_time AS pay_time,receivables.create_time AS create_time,receivables.description AS description,receivables.create_time AS create_time,receivables.status AS status,receivables.type AS type,receivables.bill_id AS bill_id,user.name AS creator_name FROM crm_receivables receivables LEFT JOIN crm_role role ON receivables.creator_role_id=role.role_id LEFT JOIN crm_user user ON role.user_id = user.user_id WHERE ( receivables.customer_id = 136 and receivables.is_deleted=0 ) 
ERR: Unknown column 'payables.customer_id' in 'where clause'
 [ SQL语句 ] : SELECT payables.payables_id AS payables_id,payables.name AS name,payables.price AS price,payables.creator_role_id AS creator_role_id,payables.owner_role_id AS owner_role_id,payables.delete_role_id AS delete_role_id,payables.delete_time AS delete_time,payables.is_deleted AS is_deleted,payables.pay_time AS pay_time,payables.create_time AS create_time,payables.update_time AS update_time,payables.description AS description,payables.type AS type,payables.bill_id AS bill_id,payables.status AS status,user.name AS creator_name FROM crm_payables payables LEFT JOIN crm_role role ON payables.creator_role_id=role.role_id LEFT JOIN crm_user user ON role.user_id = user.user_id WHERE ( payables.customer_id = 136 and payables.is_deleted=0 ) 
ERR: You have an error in your SQL syntax; check the manual that corresponds to your MySQL server version for the right syntax to use near '%s) and contract.is_deleted=0 )' at line 1
 [ SQL语句 ] : SELECT contract.contract_id AS contract_id,contract.number AS number,contract.business_id AS business_id,contract.is_deleted AS is_deleted,contract.start_date AS start_date,contract.end_date AS end_date,contract.delete_role_id AS delete_role_id,contract.delete_time AS delete_time,contract.price AS price,contract.due_time AS due_time,contract.content AS content,contract.creator_role_id AS creator_role_id,contract.owner_role_id AS owner_role_id,contract.description AS description,contract.create_time AS create_time,contract.update_time AS update_time,contract.status AS status,contract.supplier_id AS supplier_id,contract.type AS type,business.name AS business_name,business.contacts_id AS contacts_id,business.customer_id AS customer_id,contacts.name AS contacts_name,customer.name AS customer_name,supplier.name AS supplier_name,user.name AS owner_name FROM crm_contract contract LEFT JOIN crm_business business ON contract.business_id=business.business_id LEFT JOIN crm_contacts contacts ON contacts.contacts_id=business.contacts_id LEFT JOIN crm_customer customer ON customer.customer_id=business.customer_id LEFT JOIN crm_supplier supplier ON contract.supplier_id=supplier.id LEFT JOIN crm_user user ON contract.owner_role_id=user.role_id WHERE ( contract.business_id in (%s) and contract.is_deleted=0 ) 
ERR: You have an error in your SQL syntax; check the manual that corresponds to your MySQL server version for the right syntax to use near '%s) )' at line 1
 [ SQL语句 ] : SELECT r_business_product.business_id AS business_id,r_business_product.product_id AS product_id,r_business_product.sales_price AS sales_price,r_business_product.amount AS amount,r_business_product.description AS description,business.name AS name,product.name AS name,product.cost_price AS cost_price FROM crm_r_business_product r_business_product LEFT JOIN crm_business business ON r_business_product.business_id=business.business_id LEFT JOIN crm_product product ON r_business_product.product_id=product.product_id WHERE ( r_business_product.business_id in (%s) ) 

[ 2016-01-15T16:50:15+08:00 ] 180.136.234.225 /index.php?m=customer&a=view&id=83
ERR: You have an error in your SQL syntax; check the manual that corresponds to your MySQL server version for the right syntax to use near '%s) )' at line 1
 [ SQL语句 ] : SELECT * FROM `crm_file` WHERE ( file_id in (%s) ) 
ERR: You have an error in your SQL syntax; check the manual that corresponds to your MySQL server version for the right syntax to use near '%s) and is_deleted=0 )' at line 1
 [ SQL语句 ] : SELECT * FROM `crm_task` WHERE ( task_id in (%s) and is_deleted=0 ) 
ERR: You have an error in your SQL syntax; check the manual that corresponds to your MySQL server version for the right syntax to use near '%s) and is_deleted=0 )' at line 1
 [ SQL语句 ] : SELECT * FROM `crm_event` WHERE ( event_id in (%s) and is_deleted=0 ) 
ERR: You have an error in your SQL syntax; check the manual that corresponds to your MySQL server version for the right syntax to use near '%s) )' at line 1
 [ SQL语句 ] : SELECT `log_id` FROM `crm_r_business_log` WHERE ( business_id in (%s) ) 
ERR: You have an error in your SQL syntax; check the manual that corresponds to your MySQL server version for the right syntax to use near ') )' at line 1
 [ SQL语句 ] : SELECT * FROM `crm_log` WHERE ( log_id in () ) 
ERR: Unknown column 'receivables.customer_id' in 'where clause'
 [ SQL语句 ] : SELECT receivables.receivables_id AS receivables_id,receivables.name AS name,receivables.price AS price,receivables.creator_role_id AS creator_role_id,receivables.owner_role_id AS owner_role_id,receivables.delete_role_id AS delete_role_id,receivables.is_deleted AS is_deleted,receivables.delete_time AS delete_time,receivables.pay_time AS pay_time,receivables.create_time AS create_time,receivables.description AS description,receivables.create_time AS create_time,receivables.status AS status,receivables.type AS type,receivables.bill_id AS bill_id,user.name AS creator_name FROM crm_receivables receivables LEFT JOIN crm_role role ON receivables.creator_role_id=role.role_id LEFT JOIN crm_user user ON role.user_id = user.user_id WHERE ( receivables.customer_id = 83 and receivables.is_deleted=0 ) 
ERR: Unknown column 'payables.customer_id' in 'where clause'
 [ SQL语句 ] : SELECT payables.payables_id AS payables_id,payables.name AS name,payables.price AS price,payables.creator_role_id AS creator_role_id,payables.owner_role_id AS owner_role_id,payables.delete_role_id AS delete_role_id,payables.delete_time AS delete_time,payables.is_deleted AS is_deleted,payables.pay_time AS pay_time,payables.create_time AS create_time,payables.update_time AS update_time,payables.description AS description,payables.type AS type,payables.bill_id AS bill_id,payables.status AS status,user.name AS creator_name FROM crm_payables payables LEFT JOIN crm_role role ON payables.creator_role_id=role.role_id LEFT JOIN crm_user user ON role.user_id = user.user_id WHERE ( payables.customer_id = 83 and payables.is_deleted=0 ) 
ERR: You have an error in your SQL syntax; check the manual that corresponds to your MySQL server version for the right syntax to use near '%s) and contract.is_deleted=0 )' at line 1
 [ SQL语句 ] : SELECT contract.contract_id AS contract_id,contract.number AS number,contract.business_id AS business_id,contract.is_deleted AS is_deleted,contract.start_date AS start_date,contract.end_date AS end_date,contract.delete_role_id AS delete_role_id,contract.delete_time AS delete_time,contract.price AS price,contract.due_time AS due_time,contract.content AS content,contract.creator_role_id AS creator_role_id,contract.owner_role_id AS owner_role_id,contract.description AS description,contract.create_time AS create_time,contract.update_time AS update_time,contract.status AS status,contract.supplier_id AS supplier_id,contract.type AS type,business.name AS business_name,business.contacts_id AS contacts_id,business.customer_id AS customer_id,contacts.name AS contacts_name,customer.name AS customer_name,supplier.name AS supplier_name,user.name AS owner_name FROM crm_contract contract LEFT JOIN crm_business business ON contract.business_id=business.business_id LEFT JOIN crm_contacts contacts ON contacts.contacts_id=business.contacts_id LEFT JOIN crm_customer customer ON customer.customer_id=business.customer_id LEFT JOIN crm_supplier supplier ON contract.supplier_id=supplier.id LEFT JOIN crm_user user ON contract.owner_role_id=user.role_id WHERE ( contract.business_id in (%s) and contract.is_deleted=0 ) 
ERR: You have an error in your SQL syntax; check the manual that corresponds to your MySQL server version for the right syntax to use near '%s) )' at line 1
 [ SQL语句 ] : SELECT r_business_product.business_id AS business_id,r_business_product.product_id AS product_id,r_business_product.sales_price AS sales_price,r_business_product.amount AS amount,r_business_product.description AS description,business.name AS name,product.name AS name,product.cost_price AS cost_price FROM crm_r_business_product r_business_product LEFT JOIN crm_business business ON r_business_product.business_id=business.business_id LEFT JOIN crm_product product ON r_business_product.product_id=product.product_id WHERE ( r_business_product.business_id in (%s) ) 

[ 2016-01-15T16:51:05+08:00 ] 180.136.234.225 /index.php?m=customer&a=view&id=80
ERR: You have an error in your SQL syntax; check the manual that corresponds to your MySQL server version for the right syntax to use near '%s) )' at line 1
 [ SQL语句 ] : SELECT * FROM `crm_file` WHERE ( file_id in (%s) ) 
ERR: You have an error in your SQL syntax; check the manual that corresponds to your MySQL server version for the right syntax to use near '%s) and is_deleted=0 )' at line 1
 [ SQL语句 ] : SELECT * FROM `crm_task` WHERE ( task_id in (%s) and is_deleted=0 ) 
ERR: You have an error in your SQL syntax; check the manual that corresponds to your MySQL server version for the right syntax to use near '%s) and is_deleted=0 )' at line 1
 [ SQL语句 ] : SELECT * FROM `crm_event` WHERE ( event_id in (%s) and is_deleted=0 ) 
ERR: You have an error in your SQL syntax; check the manual that corresponds to your MySQL server version for the right syntax to use near '%s) )' at line 1
 [ SQL语句 ] : SELECT `log_id` FROM `crm_r_business_log` WHERE ( business_id in (%s) ) 
ERR: You have an error in your SQL syntax; check the manual that corresponds to your MySQL server version for the right syntax to use near ') )' at line 1
 [ SQL语句 ] : SELECT * FROM `crm_log` WHERE ( log_id in () ) 
ERR: Unknown column 'receivables.customer_id' in 'where clause'
 [ SQL语句 ] : SELECT receivables.receivables_id AS receivables_id,receivables.name AS name,receivables.price AS price,receivables.creator_role_id AS creator_role_id,receivables.owner_role_id AS owner_role_id,receivables.delete_role_id AS delete_role_id,receivables.is_deleted AS is_deleted,receivables.delete_time AS delete_time,receivables.pay_time AS pay_time,receivables.create_time AS create_time,receivables.description AS description,receivables.create_time AS create_time,receivables.status AS status,receivables.type AS type,receivables.bill_id AS bill_id,user.name AS creator_name FROM crm_receivables receivables LEFT JOIN crm_role role ON receivables.creator_role_id=role.role_id LEFT JOIN crm_user user ON role.user_id = user.user_id WHERE ( receivables.customer_id = 80 and receivables.is_deleted=0 ) 
ERR: Unknown column 'payables.customer_id' in 'where clause'
 [ SQL语句 ] : SELECT payables.payables_id AS payables_id,payables.name AS name,payables.price AS price,payables.creator_role_id AS creator_role_id,payables.owner_role_id AS owner_role_id,payables.delete_role_id AS delete_role_id,payables.delete_time AS delete_time,payables.is_deleted AS is_deleted,payables.pay_time AS pay_time,payables.create_time AS create_time,payables.update_time AS update_time,payables.description AS description,payables.type AS type,payables.bill_id AS bill_id,payables.status AS status,user.name AS creator_name FROM crm_payables payables LEFT JOIN crm_role role ON payables.creator_role_id=role.role_id LEFT JOIN crm_user user ON role.user_id = user.user_id WHERE ( payables.customer_id = 80 and payables.is_deleted=0 ) 
ERR: You have an error in your SQL syntax; check the manual that corresponds to your MySQL server version for the right syntax to use near '%s) and contract.is_deleted=0 )' at line 1
 [ SQL语句 ] : SELECT contract.contract_id AS contract_id,contract.number AS number,contract.business_id AS business_id,contract.is_deleted AS is_deleted,contract.start_date AS start_date,contract.end_date AS end_date,contract.delete_role_id AS delete_role_id,contract.delete_time AS delete_time,contract.price AS price,contract.due_time AS due_time,contract.content AS content,contract.creator_role_id AS creator_role_id,contract.owner_role_id AS owner_role_id,contract.description AS description,contract.create_time AS create_time,contract.update_time AS update_time,contract.status AS status,contract.supplier_id AS supplier_id,contract.type AS type,business.name AS business_name,business.contacts_id AS contacts_id,business.customer_id AS customer_id,contacts.name AS contacts_name,customer.name AS customer_name,supplier.name AS supplier_name,user.name AS owner_name FROM crm_contract contract LEFT JOIN crm_business business ON contract.business_id=business.business_id LEFT JOIN crm_contacts contacts ON contacts.contacts_id=business.contacts_id LEFT JOIN crm_customer customer ON customer.customer_id=business.customer_id LEFT JOIN crm_supplier supplier ON contract.supplier_id=supplier.id LEFT JOIN crm_user user ON contract.owner_role_id=user.role_id WHERE ( contract.business_id in (%s) and contract.is_deleted=0 ) 
ERR: You have an error in your SQL syntax; check the manual that corresponds to your MySQL server version for the right syntax to use near '%s) )' at line 1
 [ SQL语句 ] : SELECT r_business_product.business_id AS business_id,r_business_product.product_id AS product_id,r_business_product.sales_price AS sales_price,r_business_product.amount AS amount,r_business_product.description AS description,business.name AS name,product.name AS name,product.cost_price AS cost_price FROM crm_r_business_product r_business_product LEFT JOIN crm_business business ON r_business_product.business_id=business.business_id LEFT JOIN crm_product product ON r_business_product.product_id=product.product_id WHERE ( r_business_product.business_id in (%s) ) 

[ 2016-01-15T16:53:59+08:00 ] 180.136.234.225 /index.php?m=customer&a=view&id=82
ERR: You have an error in your SQL syntax; check the manual that corresponds to your MySQL server version for the right syntax to use near '%s) )' at line 1
 [ SQL语句 ] : SELECT * FROM `crm_file` WHERE ( file_id in (%s) ) 
ERR: You have an error in your SQL syntax; check the manual that corresponds to your MySQL server version for the right syntax to use near '%s) and is_deleted=0 )' at line 1
 [ SQL语句 ] : SELECT * FROM `crm_task` WHERE ( task_id in (%s) and is_deleted=0 ) 
ERR: You have an error in your SQL syntax; check the manual that corresponds to your MySQL server version for the right syntax to use near '%s) and is_deleted=0 )' at line 1
 [ SQL语句 ] : SELECT * FROM `crm_event` WHERE ( event_id in (%s) and is_deleted=0 ) 
ERR: You have an error in your SQL syntax; check the manual that corresponds to your MySQL server version for the right syntax to use near '%s) )' at line 1
 [ SQL语句 ] : SELECT `log_id` FROM `crm_r_business_log` WHERE ( business_id in (%s) ) 
ERR: You have an error in your SQL syntax; check the manual that corresponds to your MySQL server version for the right syntax to use near ') )' at line 1
 [ SQL语句 ] : SELECT * FROM `crm_log` WHERE ( log_id in () ) 
ERR: Unknown column 'receivables.customer_id' in 'where clause'
 [ SQL语句 ] : SELECT receivables.receivables_id AS receivables_id,receivables.name AS name,receivables.price AS price,receivables.creator_role_id AS creator_role_id,receivables.owner_role_id AS owner_role_id,receivables.delete_role_id AS delete_role_id,receivables.is_deleted AS is_deleted,receivables.delete_time AS delete_time,receivables.pay_time AS pay_time,receivables.create_time AS create_time,receivables.description AS description,receivables.create_time AS create_time,receivables.status AS status,receivables.type AS type,receivables.bill_id AS bill_id,user.name AS creator_name FROM crm_receivables receivables LEFT JOIN crm_role role ON receivables.creator_role_id=role.role_id LEFT JOIN crm_user user ON role.user_id = user.user_id WHERE ( receivables.customer_id = 82 and receivables.is_deleted=0 ) 
ERR: Unknown column 'payables.customer_id' in 'where clause'
 [ SQL语句 ] : SELECT payables.payables_id AS payables_id,payables.name AS name,payables.price AS price,payables.creator_role_id AS creator_role_id,payables.owner_role_id AS owner_role_id,payables.delete_role_id AS delete_role_id,payables.delete_time AS delete_time,payables.is_deleted AS is_deleted,payables.pay_time AS pay_time,payables.create_time AS create_time,payables.update_time AS update_time,payables.description AS description,payables.type AS type,payables.bill_id AS bill_id,payables.status AS status,user.name AS creator_name FROM crm_payables payables LEFT JOIN crm_role role ON payables.creator_role_id=role.role_id LEFT JOIN crm_user user ON role.user_id = user.user_id WHERE ( payables.customer_id = 82 and payables.is_deleted=0 ) 
ERR: You have an error in your SQL syntax; check the manual that corresponds to your MySQL server version for the right syntax to use near '%s) and contract.is_deleted=0 )' at line 1
 [ SQL语句 ] : SELECT contract.contract_id AS contract_id,contract.number AS number,contract.business_id AS business_id,contract.is_deleted AS is_deleted,contract.start_date AS start_date,contract.end_date AS end_date,contract.delete_role_id AS delete_role_id,contract.delete_time AS delete_time,contract.price AS price,contract.due_time AS due_time,contract.content AS content,contract.creator_role_id AS creator_role_id,contract.owner_role_id AS owner_role_id,contract.description AS description,contract.create_time AS create_time,contract.update_time AS update_time,contract.status AS status,contract.supplier_id AS supplier_id,contract.type AS type,business.name AS business_name,business.contacts_id AS contacts_id,business.customer_id AS customer_id,contacts.name AS contacts_name,customer.name AS customer_name,supplier.name AS supplier_name,user.name AS owner_name FROM crm_contract contract LEFT JOIN crm_business business ON contract.business_id=business.business_id LEFT JOIN crm_contacts contacts ON contacts.contacts_id=business.contacts_id LEFT JOIN crm_customer customer ON customer.customer_id=business.customer_id LEFT JOIN crm_supplier supplier ON contract.supplier_id=supplier.id LEFT JOIN crm_user user ON contract.owner_role_id=user.role_id WHERE ( contract.business_id in (%s) and contract.is_deleted=0 ) 
ERR: You have an error in your SQL syntax; check the manual that corresponds to your MySQL server version for the right syntax to use near '%s) )' at line 1
 [ SQL语句 ] : SELECT r_business_product.business_id AS business_id,r_business_product.product_id AS product_id,r_business_product.sales_price AS sales_price,r_business_product.amount AS amount,r_business_product.description AS description,business.name AS name,product.name AS name,product.cost_price AS cost_price FROM crm_r_business_product r_business_product LEFT JOIN crm_business business ON r_business_product.business_id=business.business_id LEFT JOIN crm_product product ON r_business_product.product_id=product.product_id WHERE ( r_business_product.business_id in (%s) ) 

