[ 2016-02-18T10:06:57+08:00 ] 180.139.207.231 /index.php?m=finance&a=index&t=payables
ERR: You have an error in your SQL syntax; check the manual that corresponds to your MySQL server version for the right syntax to use near '%d ) LIMIT 1' at line 1
 [ SQL语句 ] : SELECT `sn_code` FROM `crm_purchase` WHERE ( purchase_id = %d ) LIMIT 1  
ERR: You have an error in your SQL syntax; check the manual that corresponds to your MySQL server version for the right syntax to use near '%d ) LIMIT 1' at line 1
 [ SQL语句 ] : SELECT `sn_code` FROM `crm_purchase` WHERE ( purchase_id = %d ) LIMIT 1  
ERR: You have an error in your SQL syntax; check the manual that corresponds to your MySQL server version for the right syntax to use near '%d ) LIMIT 1' at line 1
 [ SQL语句 ] : SELECT `sn_code` FROM `crm_purchase` WHERE ( purchase_id = %d ) LIMIT 1  
ERR: You have an error in your SQL syntax; check the manual that corresponds to your MySQL server version for the right syntax to use near '%d ) LIMIT 1' at line 1
 [ SQL语句 ] : SELECT `sn_code` FROM `crm_purchase` WHERE ( purchase_id = %d ) LIMIT 1  
ERR: You have an error in your SQL syntax; check the manual that corresponds to your MySQL server version for the right syntax to use near '%d ) LIMIT 1' at line 1
 [ SQL语句 ] : SELECT `sn_code` FROM `crm_purchase` WHERE ( purchase_id = %d ) LIMIT 1  
ERR: You have an error in your SQL syntax; check the manual that corresponds to your MySQL server version for the right syntax to use near '%d ) LIMIT 1' at line 1
 [ SQL语句 ] : SELECT `sn_code` FROM `crm_purchase` WHERE ( purchase_id = %d ) LIMIT 1  
ERR: You have an error in your SQL syntax; check the manual that corresponds to your MySQL server version for the right syntax to use near '%d ) LIMIT 1' at line 1
 [ SQL语句 ] : SELECT `sn_code` FROM `crm_purchase` WHERE ( purchase_id = %d ) LIMIT 1  
ERR: You have an error in your SQL syntax; check the manual that corresponds to your MySQL server version for the right syntax to use near '%d ) LIMIT 1' at line 1
 [ SQL语句 ] : SELECT `sn_code` FROM `crm_purchase` WHERE ( purchase_id = %d ) LIMIT 1  
ERR: You have an error in your SQL syntax; check the manual that corresponds to your MySQL server version for the right syntax to use near '%d ) LIMIT 1' at line 1
 [ SQL语句 ] : SELECT `sn_code` FROM `crm_purchase` WHERE ( purchase_id = %d ) LIMIT 1  
ERR: You have an error in your SQL syntax; check the manual that corresponds to your MySQL server version for the right syntax to use near '%d ) LIMIT 1' at line 1
 [ SQL语句 ] : SELECT `sn_code` FROM `crm_purchase` WHERE ( purchase_id = %d ) LIMIT 1  

[ 2016-02-18T10:12:07+08:00 ] 180.139.207.231 /index.php?m=finance&a=index&t=payables
ERR: You have an error in your SQL syntax; check the manual that corresponds to your MySQL server version for the right syntax to use near '%d ) LIMIT 1' at line 1
 [ SQL语句 ] : SELECT `sn_code` FROM `crm_purchase` WHERE ( purchase_id = %d ) LIMIT 1  
ERR: You have an error in your SQL syntax; check the manual that corresponds to your MySQL server version for the right syntax to use near '%d ) LIMIT 1' at line 1
 [ SQL语句 ] : SELECT `sn_code` FROM `crm_purchase` WHERE ( purchase_id = %d ) LIMIT 1  
ERR: You have an error in your SQL syntax; check the manual that corresponds to your MySQL server version for the right syntax to use near '%d ) LIMIT 1' at line 1
 [ SQL语句 ] : SELECT `sn_code` FROM `crm_purchase` WHERE ( purchase_id = %d ) LIMIT 1  
ERR: You have an error in your SQL syntax; check the manual that corresponds to your MySQL server version for the right syntax to use near '%d ) LIMIT 1' at line 1
 [ SQL语句 ] : SELECT `sn_code` FROM `crm_purchase` WHERE ( purchase_id = %d ) LIMIT 1  
ERR: You have an error in your SQL syntax; check the manual that corresponds to your MySQL server version for the right syntax to use near '%d ) LIMIT 1' at line 1
 [ SQL语句 ] : SELECT `sn_code` FROM `crm_purchase` WHERE ( purchase_id = %d ) LIMIT 1  
ERR: You have an error in your SQL syntax; check the manual that corresponds to your MySQL server version for the right syntax to use near '%d ) LIMIT 1' at line 1
 [ SQL语句 ] : SELECT `sn_code` FROM `crm_purchase` WHERE ( purchase_id = %d ) LIMIT 1  
ERR: You have an error in your SQL syntax; check the manual that corresponds to your MySQL server version for the right syntax to use near '%d ) LIMIT 1' at line 1
 [ SQL语句 ] : SELECT `sn_code` FROM `crm_purchase` WHERE ( purchase_id = %d ) LIMIT 1  
ERR: You have an error in your SQL syntax; check the manual that corresponds to your MySQL server version for the right syntax to use near '%d ) LIMIT 1' at line 1
 [ SQL语句 ] : SELECT `sn_code` FROM `crm_purchase` WHERE ( purchase_id = %d ) LIMIT 1  
ERR: You have an error in your SQL syntax; check the manual that corresponds to your MySQL server version for the right syntax to use near '%d ) LIMIT 1' at line 1
 [ SQL语句 ] : SELECT `sn_code` FROM `crm_purchase` WHERE ( purchase_id = %d ) LIMIT 1  
ERR: You have an error in your SQL syntax; check the manual that corresponds to your MySQL server version for the right syntax to use near '%d ) LIMIT 1' at line 1
 [ SQL语句 ] : SELECT `sn_code` FROM `crm_purchase` WHERE ( purchase_id = %d ) LIMIT 1  

[ 2016-02-18T10:13:00+08:00 ] 180.139.207.231 /index.php?m=finance&a=index&t=payables
ERR: You have an error in your SQL syntax; check the manual that corresponds to your MySQL server version for the right syntax to use near '%d ) LIMIT 1' at line 1
 [ SQL语句 ] : SELECT `sn_code` FROM `crm_purchase` WHERE ( purchase_id = %d ) LIMIT 1  
ERR: You have an error in your SQL syntax; check the manual that corresponds to your MySQL server version for the right syntax to use near '%d ) LIMIT 1' at line 1
 [ SQL语句 ] : SELECT `sn_code` FROM `crm_purchase` WHERE ( purchase_id = %d ) LIMIT 1  
ERR: You have an error in your SQL syntax; check the manual that corresponds to your MySQL server version for the right syntax to use near '%d ) LIMIT 1' at line 1
 [ SQL语句 ] : SELECT `sn_code` FROM `crm_purchase` WHERE ( purchase_id = %d ) LIMIT 1  
ERR: You have an error in your SQL syntax; check the manual that corresponds to your MySQL server version for the right syntax to use near '%d ) LIMIT 1' at line 1
 [ SQL语句 ] : SELECT `sn_code` FROM `crm_purchase` WHERE ( purchase_id = %d ) LIMIT 1  
ERR: You have an error in your SQL syntax; check the manual that corresponds to your MySQL server version for the right syntax to use near '%d ) LIMIT 1' at line 1
 [ SQL语句 ] : SELECT `sn_code` FROM `crm_purchase` WHERE ( purchase_id = %d ) LIMIT 1  
ERR: You have an error in your SQL syntax; check the manual that corresponds to your MySQL server version for the right syntax to use near '%d ) LIMIT 1' at line 1
 [ SQL语句 ] : SELECT `sn_code` FROM `crm_purchase` WHERE ( purchase_id = %d ) LIMIT 1  
ERR: You have an error in your SQL syntax; check the manual that corresponds to your MySQL server version for the right syntax to use near '%d ) LIMIT 1' at line 1
 [ SQL语句 ] : SELECT `sn_code` FROM `crm_purchase` WHERE ( purchase_id = %d ) LIMIT 1  
ERR: You have an error in your SQL syntax; check the manual that corresponds to your MySQL server version for the right syntax to use near '%d ) LIMIT 1' at line 1
 [ SQL语句 ] : SELECT `sn_code` FROM `crm_purchase` WHERE ( purchase_id = %d ) LIMIT 1  
ERR: You have an error in your SQL syntax; check the manual that corresponds to your MySQL server version for the right syntax to use near '%d ) LIMIT 1' at line 1
 [ SQL语句 ] : SELECT `sn_code` FROM `crm_purchase` WHERE ( purchase_id = %d ) LIMIT 1  
ERR: You have an error in your SQL syntax; check the manual that corresponds to your MySQL server version for the right syntax to use near '%d ) LIMIT 1' at line 1
 [ SQL语句 ] : SELECT `sn_code` FROM `crm_purchase` WHERE ( purchase_id = %d ) LIMIT 1  

[ 2016-02-18T10:14:58+08:00 ] 180.139.207.231 /index.php?m=finance&a=index&t=payables
ERR: You have an error in your SQL syntax; check the manual that corresponds to your MySQL server version for the right syntax to use near '%d ) LIMIT 1' at line 1
 [ SQL语句 ] : SELECT `sn_code` FROM `crm_purchase` WHERE ( purchase_id = %d ) LIMIT 1  
ERR: You have an error in your SQL syntax; check the manual that corresponds to your MySQL server version for the right syntax to use near '%d ) LIMIT 1' at line 1
 [ SQL语句 ] : SELECT `sn_code` FROM `crm_purchase` WHERE ( purchase_id = %d ) LIMIT 1  
ERR: You have an error in your SQL syntax; check the manual that corresponds to your MySQL server version for the right syntax to use near '%d ) LIMIT 1' at line 1
 [ SQL语句 ] : SELECT `sn_code` FROM `crm_purchase` WHERE ( purchase_id = %d ) LIMIT 1  
ERR: You have an error in your SQL syntax; check the manual that corresponds to your MySQL server version for the right syntax to use near '%d ) LIMIT 1' at line 1
 [ SQL语句 ] : SELECT `sn_code` FROM `crm_purchase` WHERE ( purchase_id = %d ) LIMIT 1  
ERR: You have an error in your SQL syntax; check the manual that corresponds to your MySQL server version for the right syntax to use near '%d ) LIMIT 1' at line 1
 [ SQL语句 ] : SELECT `sn_code` FROM `crm_purchase` WHERE ( purchase_id = %d ) LIMIT 1  
ERR: You have an error in your SQL syntax; check the manual that corresponds to your MySQL server version for the right syntax to use near '%d ) LIMIT 1' at line 1
 [ SQL语句 ] : SELECT `sn_code` FROM `crm_purchase` WHERE ( purchase_id = %d ) LIMIT 1  
ERR: You have an error in your SQL syntax; check the manual that corresponds to your MySQL server version for the right syntax to use near '%d ) LIMIT 1' at line 1
 [ SQL语句 ] : SELECT `sn_code` FROM `crm_purchase` WHERE ( purchase_id = %d ) LIMIT 1  
ERR: You have an error in your SQL syntax; check the manual that corresponds to your MySQL server version for the right syntax to use near '%d ) LIMIT 1' at line 1
 [ SQL语句 ] : SELECT `sn_code` FROM `crm_purchase` WHERE ( purchase_id = %d ) LIMIT 1  
ERR: You have an error in your SQL syntax; check the manual that corresponds to your MySQL server version for the right syntax to use near '%d ) LIMIT 1' at line 1
 [ SQL语句 ] : SELECT `sn_code` FROM `crm_purchase` WHERE ( purchase_id = %d ) LIMIT 1  
ERR: You have an error in your SQL syntax; check the manual that corresponds to your MySQL server version for the right syntax to use near '%d ) LIMIT 1' at line 1
 [ SQL语句 ] : SELECT `sn_code` FROM `crm_purchase` WHERE ( purchase_id = %d ) LIMIT 1  

[ 2016-02-18T10:15:01+08:00 ] 180.139.207.231 /index.php?m=finance&a=index&by=&t=payables&p=5
ERR: You have an error in your SQL syntax; check the manual that corresponds to your MySQL server version for the right syntax to use near '%d ) LIMIT 1' at line 1
 [ SQL语句 ] : SELECT `sn_code` FROM `crm_purchase` WHERE ( purchase_id = %d ) LIMIT 1  
ERR: You have an error in your SQL syntax; check the manual that corresponds to your MySQL server version for the right syntax to use near '%d ) LIMIT 1' at line 1
 [ SQL语句 ] : SELECT `sn_code` FROM `crm_purchase` WHERE ( purchase_id = %d ) LIMIT 1  
ERR: You have an error in your SQL syntax; check the manual that corresponds to your MySQL server version for the right syntax to use near '%d ) LIMIT 1' at line 1
 [ SQL语句 ] : SELECT `sn_code` FROM `crm_purchase` WHERE ( purchase_id = %d ) LIMIT 1  
ERR: You have an error in your SQL syntax; check the manual that corresponds to your MySQL server version for the right syntax to use near '%d ) LIMIT 1' at line 1
 [ SQL语句 ] : SELECT `sn_code` FROM `crm_purchase` WHERE ( purchase_id = %d ) LIMIT 1  
ERR: You have an error in your SQL syntax; check the manual that corresponds to your MySQL server version for the right syntax to use near '%d ) LIMIT 1' at line 1
 [ SQL语句 ] : SELECT `sn_code` FROM `crm_purchase` WHERE ( purchase_id = %d ) LIMIT 1  
ERR: You have an error in your SQL syntax; check the manual that corresponds to your MySQL server version for the right syntax to use near '%d ) LIMIT 1' at line 1
 [ SQL语句 ] : SELECT `sn_code` FROM `crm_purchase` WHERE ( purchase_id = %d ) LIMIT 1  
ERR: You have an error in your SQL syntax; check the manual that corresponds to your MySQL server version for the right syntax to use near '%d ) LIMIT 1' at line 1
 [ SQL语句 ] : SELECT `sn_code` FROM `crm_purchase` WHERE ( purchase_id = %d ) LIMIT 1  
ERR: You have an error in your SQL syntax; check the manual that corresponds to your MySQL server version for the right syntax to use near '%d ) LIMIT 1' at line 1
 [ SQL语句 ] : SELECT `sn_code` FROM `crm_purchase` WHERE ( purchase_id = %d ) LIMIT 1  

[ 2016-02-18T10:15:04+08:00 ] 180.139.207.231 /index.php?m=finance&a=index&by=&t=payables&p=2
ERR: You have an error in your SQL syntax; check the manual that corresponds to your MySQL server version for the right syntax to use near '%d ) LIMIT 1' at line 1
 [ SQL语句 ] : SELECT `sn_code` FROM `crm_purchase` WHERE ( purchase_id = %d ) LIMIT 1  
ERR: You have an error in your SQL syntax; check the manual that corresponds to your MySQL server version for the right syntax to use near '%d ) LIMIT 1' at line 1
 [ SQL语句 ] : SELECT `sn_code` FROM `crm_purchase` WHERE ( purchase_id = %d ) LIMIT 1  
ERR: You have an error in your SQL syntax; check the manual that corresponds to your MySQL server version for the right syntax to use near '%d ) LIMIT 1' at line 1
 [ SQL语句 ] : SELECT `sn_code` FROM `crm_purchase` WHERE ( purchase_id = %d ) LIMIT 1  
ERR: You have an error in your SQL syntax; check the manual that corresponds to your MySQL server version for the right syntax to use near '%d ) LIMIT 1' at line 1
 [ SQL语句 ] : SELECT `sn_code` FROM `crm_purchase` WHERE ( purchase_id = %d ) LIMIT 1  
ERR: You have an error in your SQL syntax; check the manual that corresponds to your MySQL server version for the right syntax to use near '%d ) LIMIT 1' at line 1
 [ SQL语句 ] : SELECT `sn_code` FROM `crm_purchase` WHERE ( purchase_id = %d ) LIMIT 1  
ERR: You have an error in your SQL syntax; check the manual that corresponds to your MySQL server version for the right syntax to use near '%d ) LIMIT 1' at line 1
 [ SQL语句 ] : SELECT `sn_code` FROM `crm_purchase` WHERE ( purchase_id = %d ) LIMIT 1  
ERR: You have an error in your SQL syntax; check the manual that corresponds to your MySQL server version for the right syntax to use near '%d ) LIMIT 1' at line 1
 [ SQL语句 ] : SELECT `sn_code` FROM `crm_purchase` WHERE ( purchase_id = %d ) LIMIT 1  
ERR: You have an error in your SQL syntax; check the manual that corresponds to your MySQL server version for the right syntax to use near '%d ) LIMIT 1' at line 1
 [ SQL语句 ] : SELECT `sn_code` FROM `crm_purchase` WHERE ( purchase_id = %d ) LIMIT 1  
ERR: You have an error in your SQL syntax; check the manual that corresponds to your MySQL server version for the right syntax to use near '%d ) LIMIT 1' at line 1
 [ SQL语句 ] : SELECT `sn_code` FROM `crm_purchase` WHERE ( purchase_id = %d ) LIMIT 1  
ERR: You have an error in your SQL syntax; check the manual that corresponds to your MySQL server version for the right syntax to use near '%d ) LIMIT 1' at line 1
 [ SQL语句 ] : SELECT `sn_code` FROM `crm_purchase` WHERE ( purchase_id = %d ) LIMIT 1  

[ 2016-02-18T10:15:06+08:00 ] 180.139.207.231 /index.php?m=finance&a=index&by=&t=payables&p=1
ERR: You have an error in your SQL syntax; check the manual that corresponds to your MySQL server version for the right syntax to use near '%d ) LIMIT 1' at line 1
 [ SQL语句 ] : SELECT `sn_code` FROM `crm_purchase` WHERE ( purchase_id = %d ) LIMIT 1  
ERR: You have an error in your SQL syntax; check the manual that corresponds to your MySQL server version for the right syntax to use near '%d ) LIMIT 1' at line 1
 [ SQL语句 ] : SELECT `sn_code` FROM `crm_purchase` WHERE ( purchase_id = %d ) LIMIT 1  
ERR: You have an error in your SQL syntax; check the manual that corresponds to your MySQL server version for the right syntax to use near '%d ) LIMIT 1' at line 1
 [ SQL语句 ] : SELECT `sn_code` FROM `crm_purchase` WHERE ( purchase_id = %d ) LIMIT 1  
ERR: You have an error in your SQL syntax; check the manual that corresponds to your MySQL server version for the right syntax to use near '%d ) LIMIT 1' at line 1
 [ SQL语句 ] : SELECT `sn_code` FROM `crm_purchase` WHERE ( purchase_id = %d ) LIMIT 1  
ERR: You have an error in your SQL syntax; check the manual that corresponds to your MySQL server version for the right syntax to use near '%d ) LIMIT 1' at line 1
 [ SQL语句 ] : SELECT `sn_code` FROM `crm_purchase` WHERE ( purchase_id = %d ) LIMIT 1  
ERR: You have an error in your SQL syntax; check the manual that corresponds to your MySQL server version for the right syntax to use near '%d ) LIMIT 1' at line 1
 [ SQL语句 ] : SELECT `sn_code` FROM `crm_purchase` WHERE ( purchase_id = %d ) LIMIT 1  
ERR: You have an error in your SQL syntax; check the manual that corresponds to your MySQL server version for the right syntax to use near '%d ) LIMIT 1' at line 1
 [ SQL语句 ] : SELECT `sn_code` FROM `crm_purchase` WHERE ( purchase_id = %d ) LIMIT 1  
ERR: You have an error in your SQL syntax; check the manual that corresponds to your MySQL server version for the right syntax to use near '%d ) LIMIT 1' at line 1
 [ SQL语句 ] : SELECT `sn_code` FROM `crm_purchase` WHERE ( purchase_id = %d ) LIMIT 1  
ERR: You have an error in your SQL syntax; check the manual that corresponds to your MySQL server version for the right syntax to use near '%d ) LIMIT 1' at line 1
 [ SQL语句 ] : SELECT `sn_code` FROM `crm_purchase` WHERE ( purchase_id = %d ) LIMIT 1  
ERR: You have an error in your SQL syntax; check the manual that corresponds to your MySQL server version for the right syntax to use near '%d ) LIMIT 1' at line 1
 [ SQL语句 ] : SELECT `sn_code` FROM `crm_purchase` WHERE ( purchase_id = %d ) LIMIT 1  

[ 2016-02-18T10:16:44+08:00 ] 180.139.207.231 /index.php?m=finance&a=zensong
ERR: You have an error in your SQL syntax; check the manual that corresponds to your MySQL server version for the right syntax to use near ') LIMIT 1' at line 1
 [ SQL语句 ] : SELECT `name` FROM `crm_user` WHERE ( role_id= ) LIMIT 1  

[ 2016-02-18T10:17:20+08:00 ] 180.139.207.231 /index.php?m=stock&a=out
ERR: You have an error in your SQL syntax; check the manual that corresponds to your MySQL server version for the right syntax to use near ') LIMIT 1' at line 1
 [ SQL语句 ] : SELECT `name` FROM `crm_user` WHERE ( role_id= ) LIMIT 1  

[ 2016-02-18T10:37:41+08:00 ] ERR: (ThinkException) Can't connect to MySQL server on 'localhost' (10055)
[ 2016-02-18T10:37:42+08:00 ] ERR: (ThinkException) Can't connect to MySQL server on 'localhost' (10055)
[ 2016-02-18T10:37:42+08:00 ] ERR: (ThinkException) Can't connect to MySQL server on 'localhost' (10055)
[ 2016-02-18T10:37:44+08:00 ] ERR: (ThinkException) Can't connect to MySQL server on 'localhost' (10055)
[ 2016-02-18T10:37:44+08:00 ] ERR: (ThinkException) Can't connect to MySQL server on 'localhost' (10055)
[ 2016-02-18T10:38:12+08:00 ] ERR: (ThinkException) Can't connect to MySQL server on 'localhost' (10055)
[ 2016-02-18T10:38:12+08:00 ] ERR: (ThinkException) Can't connect to MySQL server on 'localhost' (10055)
[ 2016-02-18T10:38:14+08:00 ] ERR: (ThinkException) Can't connect to MySQL server on 'localhost' (10055)
[ 2016-02-18T10:38:18+08:00 ] ERR: (ThinkException) Can't connect to MySQL server on 'localhost' (10055)
[ 2016-02-18T10:38:24+08:00 ] ERR: (ThinkException) Can't connect to MySQL server on 'localhost' (10055)
[ 2016-02-18T10:38:25+08:00 ] ERR: (ThinkException) Can't connect to MySQL server on 'localhost' (10055)
[ 2016-02-18T10:38:26+08:00 ] ERR: (ThinkException) Can't connect to MySQL server on 'localhost' (10055)
[ 2016-02-18T10:38:27+08:00 ] ERR: (ThinkException) Can't connect to MySQL server on 'localhost' (10055)
[ 2016-02-18T10:38:27+08:00 ] ERR: (ThinkException) Can't connect to MySQL server on 'localhost' (10055)
[ 2016-02-18T10:38:27+08:00 ] ERR: (ThinkException) Can't connect to MySQL server on 'localhost' (10055)
[ 2016-02-18T10:38:42+08:00 ] ERR: (ThinkException) Can't connect to MySQL server on 'localhost' (10055)
[ 2016-02-18T10:38:42+08:00 ] ERR: (ThinkException) Can't connect to MySQL server on 'localhost' (10055)
[ 2016-02-18T10:38:47+08:00 ] ERR: (ThinkException) Can't connect to MySQL server on 'localhost' (10055)
[ 2016-02-18T10:38:47+08:00 ] ERR: (ThinkException) Can't connect to MySQL server on 'localhost' (10055)
[ 2016-02-18T10:38:52+08:00 ] ERR: (ThinkException) Can't connect to MySQL server on 'localhost' (10055)
[ 2016-02-18T10:38:52+08:00 ] ERR: (ThinkException) Can't connect to MySQL server on 'localhost' (10055)
[ 2016-02-18T10:38:57+08:00 ] ERR: (ThinkException) Can't connect to MySQL server on 'localhost' (10055)
[ 2016-02-18T10:38:57+08:00 ] ERR: (ThinkException) Can't connect to MySQL server on 'localhost' (10055)
[ 2016-02-18T10:39:02+08:00 ] ERR: (ThinkException) Can't connect to MySQL server on 'localhost' (10055)
[ 2016-02-18T10:39:02+08:00 ] ERR: (ThinkException) Can't connect to MySQL server on 'localhost' (10055)
[ 2016-02-18T10:39:07+08:00 ] ERR: (ThinkException) Can't connect to MySQL server on 'localhost' (10055)
[ 2016-02-18T10:39:07+08:00 ] ERR: (ThinkException) Can't connect to MySQL server on 'localhost' (10055)
[ 2016-02-18T10:39:12+08:00 ] ERR: (ThinkException) Can't connect to MySQL server on 'localhost' (10055)
[ 2016-02-18T10:39:12+08:00 ] ERR: (ThinkException) Can't connect to MySQL server on 'localhost' (10055)
[ 2016-02-18T10:39:17+08:00 ] ERR: (ThinkException) Can't connect to MySQL server on 'localhost' (10055)
[ 2016-02-18T10:39:17+08:00 ] ERR: (ThinkException) Can't connect to MySQL server on 'localhost' (10055)
[ 2016-02-18T10:39:22+08:00 ] ERR: (ThinkException) Can't connect to MySQL server on 'localhost' (10055)
[ 2016-02-18T10:39:22+08:00 ] ERR: (ThinkException) Can't connect to MySQL server on 'localhost' (10055)
[ 2016-02-18T10:39:25+08:00 ] ERR: (ThinkException) Can't connect to MySQL server on 'localhost' (10055)
[ 2016-02-18T10:39:27+08:00 ] ERR: (ThinkException) Can't connect to MySQL server on 'localhost' (10055)
[ 2016-02-18T10:39:32+08:00 ] ERR: (ThinkException) Can't connect to MySQL server on 'localhost' (10055)
[ 2016-02-18T10:39:38+08:00 ] ERR: (ThinkException) Can't connect to MySQL server on 'localhost' (10055)
[ 2016-02-18T10:39:39+08:00 ] ERR: (ThinkException) Can't connect to MySQL server on 'localhost' (10055)
[ 2016-02-18T10:39:40+08:00 ] ERR: (ThinkException) Can't connect to MySQL server on 'localhost' (10055)
[ 2016-02-18T10:39:42+08:00 ] ERR: (ThinkException) Can't connect to MySQL server on 'localhost' (10055)
[ 2016-02-18T10:39:44+08:00 ] ERR: (ThinkException) Can't connect to MySQL server on 'localhost' (10055)
[ 2016-02-18T10:39:45+08:00 ] ERR: (ThinkException) Can't connect to MySQL server on 'localhost' (10055)
[ 2016-02-18T10:39:45+08:00 ] ERR: (ThinkException) Can't connect to MySQL server on 'localhost' (10055)
[ 2016-02-18T10:39:46+08:00 ] ERR: (ThinkException) Can't connect to MySQL server on 'localhost' (10055)
[ 2016-02-18T10:39:49+08:00 ] ERR: (ThinkException) Can't connect to MySQL server on 'localhost' (10055)
[ 2016-02-18T10:39:49+08:00 ] ERR: (ThinkException) Can't connect to MySQL server on 'localhost' (10055)
[ 2016-02-18T10:39:52+08:00 ] ERR: (ThinkException) Can't connect to MySQL server on 'localhost' (10055)
[ 2016-02-18T10:39:58+08:00 ] ERR: (ThinkException) Can't connect to MySQL server on 'localhost' (10055)
[ 2016-02-18T10:40:02+08:00 ] ERR: (ThinkException) Can't connect to MySQL server on 'localhost' (10055)
[ 2016-02-18T10:40:02+08:00 ] ERR: (ThinkException) Can't connect to MySQL server on 'localhost' (10055)
[ 2016-02-18T10:40:06+08:00 ] ERR: (ThinkException) Can't connect to MySQL server on 'localhost' (10055)
[ 2016-02-18T10:40:08+08:00 ] ERR: (ThinkException) Can't connect to MySQL server on 'localhost' (10055)
[ 2016-02-18T10:40:09+08:00 ] ERR: (ThinkException) Can't connect to MySQL server on 'localhost' (10055)
[ 2016-02-18T10:40:10+08:00 ] ERR: (ThinkException) Can't connect to MySQL server on 'localhost' (10055)
[ 2016-02-18T10:40:13+08:00 ] ERR: (ThinkException) Can't connect to MySQL server on 'localhost' (10055)
[ 2016-02-18T10:40:18+08:00 ] ERR: (ThinkException) Can't connect to MySQL server on 'localhost' (10055)
[ 2016-02-18T10:40:21+08:00 ] ERR: (ThinkException) Can't connect to MySQL server on 'localhost' (10055)
[ 2016-02-18T10:40:23+08:00 ] ERR: (ThinkException) Can't connect to MySQL server on 'localhost' (10055)
[ 2016-02-18T10:40:28+08:00 ] ERR: (ThinkException) Can't connect to MySQL server on 'localhost' (10055)
[ 2016-02-18T10:40:33+08:00 ] ERR: (ThinkException) Can't connect to MySQL server on 'localhost' (10055)
[ 2016-02-18T10:40:38+08:00 ] ERR: (ThinkException) Can't connect to MySQL server on 'localhost' (10055)
[ 2016-02-18T10:40:43+08:00 ] ERR: (ThinkException) Can't connect to MySQL server on 'localhost' (10055)
[ 2016-02-18T10:40:48+08:00 ] ERR: (ThinkException) Can't connect to MySQL server on 'localhost' (10055)
[ 2016-02-18T10:40:53+08:00 ] ERR: (ThinkException) Can't connect to MySQL server on 'localhost' (10055)
[ 2016-02-18T10:40:58+08:00 ] ERR: (ThinkException) Can't connect to MySQL server on 'localhost' (10055)
[ 2016-02-18T10:41:03+08:00 ] ERR: (ThinkException) Can't connect to MySQL server on 'localhost' (10055)
[ 2016-02-18T10:41:08+08:00 ] ERR: (ThinkException) Can't connect to MySQL server on 'localhost' (10055)
[ 2016-02-18T10:41:13+08:00 ] ERR: (ThinkException) Can't connect to MySQL server on 'localhost' (10055)
[ 2016-02-18T10:41:18+08:00 ] ERR: (ThinkException) Can't connect to MySQL server on 'localhost' (10055)
[ 2016-02-18T10:42:46+08:00 ] ERR: (ThinkException) Can't connect to MySQL server on 'localhost' (10061)
[ 2016-02-18T10:42:46+08:00 ] ERR: (ThinkException) Can't connect to MySQL server on 'localhost' (10061)
[ 2016-02-18T10:42:49+08:00 ] ERR: (ThinkException) Can't connect to MySQL server on 'localhost' (10061)
[ 2016-02-18T10:42:54+08:00 ] ERR: (ThinkException) Can't connect to MySQL server on 'localhost' (10061)
[ 2016-02-18T10:43:00+08:00 ] ERR: (ThinkException) Can't connect to MySQL server on 'localhost' (10061)
[ 2016-02-18T10:43:04+08:00 ] ERR: (ThinkException) Can't connect to MySQL server on 'localhost' (10061)
[ 2016-02-18T10:43:08+08:00 ] ERR: (ThinkException) Can't connect to MySQL server on 'localhost' (10061)
[ 2016-02-18T10:43:09+08:00 ] ERR: (ThinkException) Can't connect to MySQL server on 'localhost' (10061)
[ 2016-02-18T10:43:14+08:00 ] ERR: (ThinkException) Can't connect to MySQL server on 'localhost' (10061)
[ 2016-02-18T10:43:19+08:00 ] ERR: (ThinkException) Can't connect to MySQL server on 'localhost' (10061)
[ 2016-02-18T10:43:24+08:00 ] ERR: (ThinkException) Can't connect to MySQL server on 'localhost' (10061)
[ 2016-02-18T10:43:29+08:00 ] ERR: (ThinkException) Can't connect to MySQL server on 'localhost' (10061)
[ 2016-02-18T10:43:34+08:00 ] ERR: (ThinkException) Can't connect to MySQL server on 'localhost' (10061)
[ 2016-02-18T10:43:39+08:00 ] ERR: (ThinkException) Can't connect to MySQL server on 'localhost' (10061)
[ 2016-02-18T10:43:44+08:00 ] ERR: (ThinkException) Can't connect to MySQL server on 'localhost' (10061)
[ 2016-02-18T10:43:49+08:00 ] ERR: (ThinkException) Can't connect to MySQL server on 'localhost' (10061)
[ 2016-02-18T10:43:56+08:00 ] ERR: (ThinkException) Can't connect to MySQL server on 'localhost' (10055)
[ 2016-02-18T10:43:58+08:00 ] ERR: (ThinkException) Can't connect to MySQL server on 'localhost' (10055)
[ 2016-02-18T10:44:03+08:00 ] ERR: (ThinkException) Can't connect to MySQL server on 'localhost' (10055)
[ 2016-02-18T10:45:14+08:00 ] ERR: (ThinkException) Can't connect to MySQL server on 'localhost' (10061)
[ 2016-02-18T10:45:14+08:00 ] ERR: (ThinkException) Can't connect to MySQL server on 'localhost' (10061)
[ 2016-02-18T10:45:14+08:00 ] ERR: (ThinkException) Can't connect to MySQL server on 'localhost' (10061)
[ 2016-02-18T10:49:43+08:00 ] ERR: (ThinkException) Can't connect to MySQL server on 'localhost' (10055)
[ 2016-02-18T10:49:44+08:00 ] ERR: (ThinkException) Can't connect to MySQL server on 'localhost' (10055)
[ 2016-02-18T10:49:45+08:00 ] ERR: (ThinkException) Can't connect to MySQL server on 'localhost' (10055)
[ 2016-02-18T10:49:49+08:00 ] ERR: (ThinkException) Can't connect to MySQL server on 'localhost' (10055)
[ 2016-02-18T10:49:49+08:00 ] ERR: (ThinkException) Can't connect to MySQL server on 'localhost' (10055)
[ 2016-02-18T10:49:54+08:00 ] ERR: (ThinkException) Can't connect to MySQL server on 'localhost' (10055)
[ 2016-02-18T10:49:54+08:00 ] ERR: (ThinkException) Can't connect to MySQL server on 'localhost' (10055)
[ 2016-02-18T10:49:59+08:00 ] ERR: (ThinkException) Can't connect to MySQL server on 'localhost' (10055)
[ 2016-02-18T10:49:59+08:00 ] ERR: (ThinkException) Can't connect to MySQL server on 'localhost' (10055)
[ 2016-02-18T10:50:03+08:00 ] ERR: (ThinkException) Can't connect to MySQL server on 'localhost' (10055)
[ 2016-02-18T10:50:04+08:00 ] ERR: (ThinkException) Can't connect to MySQL server on 'localhost' (10055)
[ 2016-02-18T10:50:08+08:00 ] ERR: (ThinkException) Can't connect to MySQL server on 'localhost' (10055)
[ 2016-02-18T10:50:09+08:00 ] ERR: (ThinkException) Can't connect to MySQL server on 'localhost' (10055)
[ 2016-02-18T10:50:14+08:00 ] ERR: (ThinkException) Can't connect to MySQL server on 'localhost' (10055)
[ 2016-02-18T10:50:14+08:00 ] ERR: (ThinkException) Can't connect to MySQL server on 'localhost' (10055)
[ 2016-02-18T10:50:18+08:00 ] ERR: (ThinkException) Can't connect to MySQL server on 'localhost' (10055)
[ 2016-02-18T10:50:19+08:00 ] ERR: (ThinkException) Can't connect to MySQL server on 'localhost' (10055)
[ 2016-02-18T10:50:23+08:00 ] ERR: (ThinkException) Can't connect to MySQL server on 'localhost' (10055)
[ 2016-02-18T10:50:24+08:00 ] ERR: (ThinkException) Can't connect to MySQL server on 'localhost' (10055)
[ 2016-02-18T10:50:28+08:00 ] ERR: (ThinkException) Can't connect to MySQL server on 'localhost' (10055)
[ 2016-02-18T10:50:29+08:00 ] ERR: (ThinkException) Can't connect to MySQL server on 'localhost' (10055)
[ 2016-02-18T10:50:34+08:00 ] ERR: (ThinkException) Can't connect to MySQL server on 'localhost' (10055)
[ 2016-02-18T10:50:34+08:00 ] ERR: (ThinkException) Can't connect to MySQL server on 'localhost' (10055)
[ 2016-02-18T10:50:39+08:00 ] ERR: (ThinkException) Can't connect to MySQL server on 'localhost' (10055)
[ 2016-02-18T10:50:39+08:00 ] ERR: (ThinkException) Can't connect to MySQL server on 'localhost' (10055)
[ 2016-02-18T10:50:44+08:00 ] ERR: (ThinkException) Can't connect to MySQL server on 'localhost' (10055)
[ 2016-02-18T10:50:44+08:00 ] ERR: (ThinkException) Can't connect to MySQL server on 'localhost' (10055)
[ 2016-02-18T10:50:48+08:00 ] ERR: (ThinkException) Can't connect to MySQL server on 'localhost' (10055)
[ 2016-02-18T10:50:49+08:00 ] ERR: (ThinkException) Can't connect to MySQL server on 'localhost' (10055)
[ 2016-02-18T10:50:54+08:00 ] ERR: (ThinkException) Can't connect to MySQL server on 'localhost' (10055)
[ 2016-02-18T10:50:54+08:00 ] ERR: (ThinkException) Can't connect to MySQL server on 'localhost' (10055)
[ 2016-02-18T10:50:59+08:00 ] ERR: (ThinkException) Can't connect to MySQL server on 'localhost' (10055)
[ 2016-02-18T10:50:59+08:00 ] ERR: (ThinkException) Can't connect to MySQL server on 'localhost' (10055)
[ 2016-02-18T10:51:03+08:00 ] ERR: (ThinkException) Can't connect to MySQL server on 'localhost' (10055)
[ 2016-02-18T10:51:03+08:00 ] ERR: (ThinkException) Can't connect to MySQL server on 'localhost' (10055)
[ 2016-02-18T10:51:04+08:00 ] ERR: (ThinkException) Can't connect to MySQL server on 'localhost' (10055)
[ 2016-02-18T10:51:09+08:00 ] ERR: (ThinkException) Can't connect to MySQL server on 'localhost' (10055)
[ 2016-02-18T10:51:09+08:00 ] ERR: (ThinkException) Can't connect to MySQL server on 'localhost' (10055)
[ 2016-02-18T10:51:09+08:00 ] ERR: (ThinkException) Can't connect to MySQL server on 'localhost' (10055)
[ 2016-02-18T10:51:13+08:00 ] ERR: (ThinkException) Can't connect to MySQL server on 'localhost' (10055)
[ 2016-02-18T10:51:13+08:00 ] ERR: (ThinkException) Can't connect to MySQL server on 'localhost' (10055)
[ 2016-02-18T10:51:14+08:00 ] ERR: (ThinkException) Can't connect to MySQL server on 'localhost' (10055)
[ 2016-02-18T10:51:27+08:00 ] ERR: (ThinkException) Can't connect to MySQL server on 'localhost' (10055)
[ 2016-02-18T10:51:27+08:00 ] ERR: (ThinkException) Can't connect to MySQL server on 'localhost' (10055)
[ 2016-02-18T10:51:27+08:00 ] ERR: (ThinkException) Can't connect to MySQL server on 'localhost' (10055)
[ 2016-02-18T10:51:27+08:00 ] ERR: (ThinkException) Can't connect to MySQL server on 'localhost' (10055)
[ 2016-02-18T10:51:50+08:00 ] ERR: (ThinkException) Can't connect to MySQL server on 'localhost' (10055)
[ 2016-02-18T10:51:51+08:00 ] ERR: (ThinkException) Can't connect to MySQL server on 'localhost' (10055)
[ 2016-02-18T10:51:55+08:00 ] ERR: (ThinkException) Can't connect to MySQL server on 'localhost' (10055)
[ 2016-02-18T10:51:56+08:00 ] ERR: (ThinkException) Can't connect to MySQL server on 'localhost' (10055)
[ 2016-02-18T11:05:07+08:00 ] ERR: (ThinkException) Can't connect to MySQL server on 'localhost' (10055)
[ 2016-02-18T11:05:07+08:00 ] ERR: (ThinkException) Can't connect to MySQL server on 'localhost' (10055)
[ 2016-02-18T11:05:09+08:00 ] ERR: (ThinkException) Can't connect to MySQL server on 'localhost' (10055)
[ 2016-02-18T11:05:12+08:00 ] ERR: (ThinkException) Can't connect to MySQL server on 'localhost' (10055)
[ 2016-02-18T11:05:13+08:00 ] ERR: (ThinkException) Can't connect to MySQL server on 'localhost' (10055)
[ 2016-02-18T11:05:16+08:00 ] ERR: (ThinkException) Can't connect to MySQL server on 'localhost' (10055)
[ 2016-02-18T11:05:18+08:00 ] ERR: (ThinkException) Can't connect to MySQL server on 'localhost' (10055)
[ 2016-02-18T11:05:21+08:00 ] ERR: (ThinkException) Can't connect to MySQL server on 'localhost' (10055)
[ 2016-02-18T11:05:23+08:00 ] ERR: (ThinkException) Can't connect to MySQL server on 'localhost' (10055)
[ 2016-02-18T11:05:26+08:00 ] ERR: (ThinkException) Can't connect to MySQL server on 'localhost' (10055)
[ 2016-02-18T11:05:28+08:00 ] ERR: (ThinkException) Can't connect to MySQL server on 'localhost' (10055)
[ 2016-02-18T11:05:31+08:00 ] ERR: (ThinkException) Can't connect to MySQL server on 'localhost' (10055)
[ 2016-02-18T11:05:33+08:00 ] ERR: (ThinkException) Can't connect to MySQL server on 'localhost' (10055)
[ 2016-02-18T11:05:36+08:00 ] ERR: (ThinkException) Can't connect to MySQL server on 'localhost' (10055)
[ 2016-02-18T11:05:38+08:00 ] ERR: (ThinkException) Can't connect to MySQL server on 'localhost' (10055)
[ 2016-02-18T11:05:41+08:00 ] ERR: (ThinkException) Can't connect to MySQL server on 'localhost' (10055)
[ 2016-02-18T11:05:43+08:00 ] ERR: (ThinkException) Can't connect to MySQL server on 'localhost' (10055)
[ 2016-02-18T11:05:47+08:00 ] ERR: (ThinkException) Can't connect to MySQL server on 'localhost' (10055)
[ 2016-02-18T11:05:48+08:00 ] ERR: (ThinkException) Can't connect to MySQL server on 'localhost' (10055)
[ 2016-02-18T11:05:51+08:00 ] ERR: (ThinkException) Can't connect to MySQL server on 'localhost' (10055)
[ 2016-02-18T11:05:54+08:00 ] ERR: (ThinkException) Can't connect to MySQL server on 'localhost' (10055)
[ 2016-02-18T11:05:56+08:00 ] ERR: (ThinkException) Can't connect to MySQL server on 'localhost' (10055)
[ 2016-02-18T11:05:58+08:00 ] ERR: (ThinkException) Can't connect to MySQL server on 'localhost' (10055)
[ 2016-02-18T11:06:02+08:00 ] ERR: (ThinkException) Can't connect to MySQL server on 'localhost' (10055)
[ 2016-02-18T11:11:32+08:00 ] ERR: (ThinkException) Can't connect to MySQL server on 'localhost' (10055)
[ 2016-02-18T11:11:35+08:00 ] ERR: (ThinkException) Can't connect to MySQL server on 'localhost' (10055)
[ 2016-02-18T11:11:36+08:00 ] ERR: (ThinkException) Can't connect to MySQL server on 'localhost' (10055)
[ 2016-02-18T11:11:37+08:00 ] ERR: (ThinkException) Can't connect to MySQL server on 'localhost' (10055)
[ 2016-02-18T11:11:39+08:00 ] ERR: (ThinkException) Can't connect to MySQL server on 'localhost' (10055)
[ 2016-02-18T11:11:42+08:00 ] ERR: (ThinkException) Can't connect to MySQL server on 'localhost' (10055)
[ 2016-02-18T11:11:44+08:00 ] ERR: (ThinkException) Can't connect to MySQL server on 'localhost' (10055)
[ 2016-02-18T11:11:47+08:00 ] ERR: (ThinkException) Can't connect to MySQL server on 'localhost' (10055)
[ 2016-02-18T11:11:49+08:00 ] ERR: (ThinkException) Can't connect to MySQL server on 'localhost' (10055)
[ 2016-02-18T11:11:52+08:00 ] ERR: (ThinkException) Can't connect to MySQL server on 'localhost' (10055)
[ 2016-02-18T11:11:54+08:00 ] ERR: (ThinkException) Can't connect to MySQL server on 'localhost' (10055)
[ 2016-02-18T11:13:35+08:00 ] ERR: (ThinkException) Can't connect to MySQL server on 'localhost' (10055)
[ 2016-02-18T11:13:40+08:00 ] ERR: (ThinkException) Can't connect to MySQL server on 'localhost' (10055)
[ 2016-02-18T11:13:40+08:00 ] ERR: (ThinkException) Can't connect to MySQL server on 'localhost' (10055)
[ 2016-02-18T11:13:41+08:00 ] ERR: (ThinkException) Can't connect to MySQL server on 'localhost' (10055)
[ 2016-02-18T11:13:42+08:00 ] ERR: (ThinkException) Can't connect to MySQL server on 'localhost' (10055)
[ 2016-02-18T11:13:44+08:00 ] ERR: (ThinkException) Can't connect to MySQL server on 'localhost' (10055)
[ 2016-02-18T11:13:47+08:00 ] ERR: (ThinkException) Can't connect to MySQL server on 'localhost' (10055)
[ 2016-02-18T11:13:49+08:00 ] ERR: (ThinkException) Can't connect to MySQL server on 'localhost' (10055)
[ 2016-02-18T11:13:53+08:00 ] ERR: (ThinkException) Can't connect to MySQL server on 'localhost' (10055)
[ 2016-02-18T11:13:54+08:00 ] ERR: (ThinkException) Can't connect to MySQL server on 'localhost' (10055)
[ 2016-02-18T11:13:57+08:00 ] ERR: (ThinkException) Can't connect to MySQL server on 'localhost' (10055)
[ 2016-02-18T11:13:57+08:00 ] ERR: (ThinkException) Can't connect to MySQL server on 'localhost' (10055)
[ 2016-02-18T11:13:59+08:00 ] ERR: (ThinkException) Can't connect to MySQL server on 'localhost' (10055)
[ 2016-02-18T11:14:02+08:00 ] ERR: (ThinkException) Can't connect to MySQL server on 'localhost' (10055)
[ 2016-02-18T11:14:02+08:00 ] ERR: (ThinkException) Can't connect to MySQL server on 'localhost' (10055)
[ 2016-02-18T11:14:04+08:00 ] ERR: (ThinkException) Can't connect to MySQL server on 'localhost' (10055)
[ 2016-02-18T11:14:05+08:00 ] ERR: (ThinkException) Can't connect to MySQL server on 'localhost' (10055)
[ 2016-02-18T11:14:05+08:00 ] ERR: (ThinkException) Can't connect to MySQL server on 'localhost' (10055)
[ 2016-02-18T11:14:07+08:00 ] ERR: (ThinkException) Can't connect to MySQL server on 'localhost' (10055)
[ 2016-02-18T11:14:25+08:00 ] ERR: (ThinkException) Can't connect to MySQL server on 'localhost' (10055)
[ 2016-02-18T11:14:28+08:00 ] ERR: (ThinkException) Can't connect to MySQL server on 'localhost' (10055)
[ 2016-02-18T11:14:29+08:00 ] ERR: (ThinkException) Can't connect to MySQL server on 'localhost' (10055)
[ 2016-02-18T11:14:33+08:00 ] ERR: (ThinkException) Can't connect to MySQL server on 'localhost' (10055)
[ 2016-02-18T11:14:34+08:00 ] ERR: (ThinkException) Can't connect to MySQL server on 'localhost' (10055)
[ 2016-02-18T11:14:38+08:00 ] ERR: (ThinkException) Can't connect to MySQL server on 'localhost' (10055)
[ 2016-02-18T11:14:39+08:00 ] ERR: (ThinkException) Can't connect to MySQL server on 'localhost' (10055)
[ 2016-02-18T11:14:42+08:00 ] ERR: (ThinkException) Can't connect to MySQL server on 'localhost' (10055)
[ 2016-02-18T11:14:44+08:00 ] ERR: (ThinkException) Can't connect to MySQL server on 'localhost' (10055)
[ 2016-02-18T11:14:47+08:00 ] ERR: (ThinkException) Can't connect to MySQL server on 'localhost' (10055)
[ 2016-02-18T11:14:49+08:00 ] ERR: (ThinkException) Can't connect to MySQL server on 'localhost' (10055)
[ 2016-02-18T11:14:52+08:00 ] ERR: (ThinkException) Can't connect to MySQL server on 'localhost' (10055)
[ 2016-02-18T11:14:54+08:00 ] ERR: (ThinkException) Can't connect to MySQL server on 'localhost' (10055)
[ 2016-02-18T11:16:48+08:00 ] ERR: (ThinkException) Can't connect to MySQL server on 'localhost' (10055)
[ 2016-02-18T11:16:48+08:00 ] ERR: (ThinkException) Can't connect to MySQL server on 'localhost' (10055)
[ 2016-02-18T11:16:54+08:00 ] ERR: (ThinkException) Can't connect to MySQL server on 'localhost' (10055)
[ 2016-02-18T11:16:54+08:00 ] ERR: (ThinkException) Can't connect to MySQL server on 'localhost' (10055)
[ 2016-02-18T11:16:54+08:00 ] ERR: (ThinkException) Can't connect to MySQL server on 'localhost' (10055)
[ 2016-02-18T11:16:56+08:00 ] ERR: (ThinkException) Can't connect to MySQL server on 'localhost' (10055)
[ 2016-02-18T11:16:56+08:00 ] ERR: (ThinkException) Can't connect to MySQL server on 'localhost' (10055)
[ 2016-02-18T11:16:56+08:00 ] ERR: (ThinkException) Can't connect to MySQL server on 'localhost' (10055)
[ 2016-02-18T11:16:58+08:00 ] ERR: (ThinkException) Can't connect to MySQL server on 'localhost' (10055)
[ 2016-02-18T11:16:58+08:00 ] ERR: (ThinkException) Can't connect to MySQL server on 'localhost' (10055)
[ 2016-02-18T11:16:59+08:00 ] ERR: (ThinkException) Can't connect to MySQL server on 'localhost' (10055)
[ 2016-02-18T11:17:01+08:00 ] ERR: (ThinkException) Can't connect to MySQL server on 'localhost' (10055)
[ 2016-02-18T11:17:01+08:00 ] ERR: (ThinkException) Can't connect to MySQL server on 'localhost' (10055)
[ 2016-02-18T11:17:01+08:00 ] ERR: (ThinkException) Can't connect to MySQL server on 'localhost' (10055)
[ 2016-02-18T11:17:01+08:00 ] ERR: (ThinkException) Can't connect to MySQL server on 'localhost' (10055)
[ 2016-02-18T11:17:01+08:00 ] ERR: (ThinkException) Can't connect to MySQL server on 'localhost' (10055)
[ 2016-02-18T11:17:02+08:00 ] ERR: (ThinkException) Can't connect to MySQL server on 'localhost' (10055)
[ 2016-02-18T11:17:02+08:00 ] ERR: (ThinkException) Can't connect to MySQL server on 'localhost' (10055)
[ 2016-02-18T11:17:03+08:00 ] ERR: (ThinkException) Can't connect to MySQL server on 'localhost' (10055)
[ 2016-02-18T11:17:08+08:00 ] ERR: (ThinkException) Can't connect to MySQL server on 'localhost' (10055)
[ 2016-02-18T11:17:13+08:00 ] ERR: (ThinkException) Can't connect to MySQL server on 'localhost' (10055)
[ 2016-02-18T11:17:19+08:00 ] ERR: (ThinkException) Can't connect to MySQL server on 'localhost' (10055)
[ 2016-02-18T11:17:23+08:00 ] ERR: (ThinkException) Can't connect to MySQL server on 'localhost' (10055)
[ 2016-02-18T11:17:28+08:00 ] ERR: (ThinkException) Can't connect to MySQL server on 'localhost' (10055)
[ 2016-02-18T11:17:33+08:00 ] ERR: (ThinkException) Can't connect to MySQL server on 'localhost' (10055)
[ 2016-02-18T11:17:34+08:00 ] ERR: (ThinkException) Can't connect to MySQL server on 'localhost' (10055)
[ 2016-02-18T11:17:38+08:00 ] ERR: (ThinkException) Can't connect to MySQL server on 'localhost' (10055)
[ 2016-02-18T11:17:43+08:00 ] ERR: (ThinkException) Can't connect to MySQL server on 'localhost' (10055)
[ 2016-02-18T11:17:48+08:00 ] ERR: (ThinkException) Can't connect to MySQL server on 'localhost' (10055)
[ 2016-02-18T11:17:53+08:00 ] ERR: (ThinkException) Can't connect to MySQL server on 'localhost' (10055)
[ 2016-02-18T11:17:59+08:00 ] ERR: (ThinkException) Can't connect to MySQL server on 'localhost' (10055)
[ 2016-02-18T11:20:41+08:00 ] ERR: (ThinkException) Can't connect to MySQL server on 'localhost' (10055)
[ 2016-02-18T11:20:46+08:00 ] ERR: (ThinkException) Can't connect to MySQL server on 'localhost' (10055)
[ 2016-02-18T11:20:51+08:00 ] ERR: (ThinkException) Can't connect to MySQL server on 'localhost' (10055)
[ 2016-02-18T11:24:28+08:00 ] ERR: (ThinkException) Can't connect to MySQL server on 'localhost' (10055)
[ 2016-02-18T11:24:28+08:00 ] ERR: (ThinkException) Can't connect to MySQL server on 'localhost' (10055)
[ 2016-02-18T11:24:37+08:00 ] ERR: (ThinkException) Can't connect to MySQL server on 'localhost' (10055)
[ 2016-02-18T11:24:40+08:00 ] ERR: (ThinkException) Can't connect to MySQL server on 'localhost' (10055)
[ 2016-02-18T11:24:45+08:00 ] ERR: (ThinkException) Can't connect to MySQL server on 'localhost' (10055)
[ 2016-02-18T11:24:47+08:00 ] ERR: (ThinkException) Can't connect to MySQL server on 'localhost' (10055)
[ 2016-02-18T11:24:49+08:00 ] ERR: (ThinkException) Can't connect to MySQL server on 'localhost' (10055)
[ 2016-02-18T11:37:06+08:00 ] 180.139.207.231 /index.php?m=finance&a=zensong
ERR: You have an error in your SQL syntax; check the manual that corresponds to your MySQL server version for the right syntax to use near '-20,20' at line 1
 [ SQL语句 ] : SELECT DISTINCT  `name` FROM `crm_finance_present` WHERE ( `create_time` <= 1455766626 ) LIMIT -20,20  

[ 2016-02-18T11:37:12+08:00 ] 180.139.207.231 /index.php?m=finance&a=zensong
ERR: You have an error in your SQL syntax; check the manual that corresponds to your MySQL server version for the right syntax to use near '-20,20' at line 1
 [ SQL语句 ] : SELECT DISTINCT  `name` FROM `crm_finance_present` WHERE ( `create_time` <= 1455766632 ) LIMIT -20,20  

[ 2016-02-18T11:37:41+08:00 ] 180.139.207.231 /index.php?m=finance&a=ziyong
ERR: You have an error in your SQL syntax; check the manual that corresponds to your MySQL server version for the right syntax to use near '-20,20' at line 1
 [ SQL语句 ] : SELECT DISTINCT  `customer_id` FROM `crm_sales` WHERE ( `create_time` <= 1455766661 ) AND ( `subject` = '自用品鉴' ) LIMIT -20,20  

[ 2016-02-18T11:38:32+08:00 ] 180.139.207.231 /index.php?m=finance&a=ziyong
ERR: You have an error in your SQL syntax; check the manual that corresponds to your MySQL server version for the right syntax to use near '-20,20' at line 1
 [ SQL语句 ] : SELECT DISTINCT  `customer_id` FROM `crm_sales` WHERE ( `create_time` <= 1455766712 ) AND ( `subject` = '自用品鉴' ) LIMIT -20,20  

[ 2016-02-18T11:38:42+08:00 ] 180.139.207.231 /index.php?m=finance&a=shoucang
ERR: You have an error in your SQL syntax; check the manual that corresponds to your MySQL server version for the right syntax to use near '-20,20' at line 1
 [ SQL语句 ] : SELECT DISTINCT  `customer_id` FROM `crm_sales` WHERE ( `create_time` <= 1455766722 ) AND ( `subject` = '销售(收藏)' ) LIMIT -20,20  

[ 2016-02-18T11:38:45+08:00 ] 180.139.207.231 /index.php?m=finance&a=huigou
ERR: You have an error in your SQL syntax; check the manual that corresponds to your MySQL server version for the right syntax to use near '-20,20' at line 1
 [ SQL语句 ] : SELECT DISTINCT  `customer_id` FROM `crm_sales` WHERE ( `create_time` <= 1455766725 ) AND ( `subject` = '销售(理财)' ) LIMIT -20,20  

[ 2016-02-18T11:38:48+08:00 ] 180.139.207.231 /index.php?m=finance&a=zensong
ERR: You have an error in your SQL syntax; check the manual that corresponds to your MySQL server version for the right syntax to use near '-20,20' at line 1
 [ SQL语句 ] : SELECT DISTINCT  `name` FROM `crm_finance_present` WHERE ( `create_time` <= 1455766727 ) LIMIT -20,20  

[ 2016-02-18T11:38:52+08:00 ] 180.139.207.231 /index.php?m=finance&a=ziyong
ERR: You have an error in your SQL syntax; check the manual that corresponds to your MySQL server version for the right syntax to use near '-20,20' at line 1
 [ SQL语句 ] : SELECT DISTINCT  `customer_id` FROM `crm_sales` WHERE ( `create_time` <= 1455766731 ) AND ( `subject` = '自用品鉴' ) LIMIT -20,20  

[ 2016-02-18T11:39:00+08:00 ] 180.139.207.231 /index.php?m=finance&a=ziyong
ERR: You have an error in your SQL syntax; check the manual that corresponds to your MySQL server version for the right syntax to use near '-20,20' at line 1
 [ SQL语句 ] : SELECT DISTINCT  `customer_id` FROM `crm_sales` WHERE ( `create_time` <= 1455766740 ) AND ( `subject` = '自用品鉴' ) LIMIT -20,20  

[ 2016-02-18T11:42:37+08:00 ] 180.139.207.231 /index.php?m=stock&a=out
ERR: You have an error in your SQL syntax; check the manual that corresponds to your MySQL server version for the right syntax to use near ') LIMIT 1' at line 1
 [ SQL语句 ] : SELECT `name` FROM `crm_user` WHERE ( role_id= ) LIMIT 1  

[ 2016-02-18T11:46:23+08:00 ] 180.139.207.231 /index.php?m=stock&a=out&sale_user_id=&customer_id=&start_time=&end_time=&p=2
ERR: You have an error in your SQL syntax; check the manual that corresponds to your MySQL server version for the right syntax to use near ') LIMIT 1' at line 1
 [ SQL语句 ] : SELECT `name` FROM `crm_user` WHERE ( role_id= ) LIMIT 1  

[ 2016-02-18T11:47:16+08:00 ] 180.139.207.231 /index.php?m=stock&a=out&sale_user_id=&customer_id=&start_time=&end_time=&p=2
ERR: You have an error in your SQL syntax; check the manual that corresponds to your MySQL server version for the right syntax to use near ') LIMIT 1' at line 1
 [ SQL语句 ] : SELECT `name` FROM `crm_user` WHERE ( role_id= ) LIMIT 1  

[ 2016-02-18T11:57:03+08:00 ] 180.139.207.231 /index.php?m=stock&a=in
ERR: You have an error in your SQL syntax; check the manual that corresponds to your MySQL server version for the right syntax to use near ') LIMIT 1' at line 1
 [ SQL语句 ] : SELECT `name` FROM `crm_user` WHERE ( user_id= ) LIMIT 1  
ERR: You have an error in your SQL syntax; check the manual that corresponds to your MySQL server version for the right syntax to use near ') LIMIT 1' at line 1
 [ SQL语句 ] : SELECT `name` FROM `crm_user` WHERE ( role_id= ) LIMIT 1  
ERR: You have an error in your SQL syntax; check the manual that corresponds to your MySQL server version for the right syntax to use near ') LIMIT 1' at line 1
 [ SQL语句 ] : SELECT `name` FROM `crm_user` WHERE ( user_id= ) LIMIT 1  
ERR: You have an error in your SQL syntax; check the manual that corresponds to your MySQL server version for the right syntax to use near ') LIMIT 1' at line 1
 [ SQL语句 ] : SELECT `name` FROM `crm_user` WHERE ( role_id= ) LIMIT 1  
ERR: You have an error in your SQL syntax; check the manual that corresponds to your MySQL server version for the right syntax to use near ') LIMIT 1' at line 1
 [ SQL语句 ] : SELECT `name` FROM `crm_user` WHERE ( user_id= ) LIMIT 1  
ERR: You have an error in your SQL syntax; check the manual that corresponds to your MySQL server version for the right syntax to use near ') LIMIT 1' at line 1
 [ SQL语句 ] : SELECT `name` FROM `crm_user` WHERE ( role_id= ) LIMIT 1  
ERR: You have an error in your SQL syntax; check the manual that corresponds to your MySQL server version for the right syntax to use near ') LIMIT 1' at line 1
 [ SQL语句 ] : SELECT `name` FROM `crm_user` WHERE ( user_id= ) LIMIT 1  
ERR: You have an error in your SQL syntax; check the manual that corresponds to your MySQL server version for the right syntax to use near ') LIMIT 1' at line 1
 [ SQL语句 ] : SELECT `name` FROM `crm_user` WHERE ( role_id= ) LIMIT 1  
ERR: You have an error in your SQL syntax; check the manual that corresponds to your MySQL server version for the right syntax to use near ') LIMIT 1' at line 1
 [ SQL语句 ] : SELECT `name` FROM `crm_user` WHERE ( user_id= ) LIMIT 1  
ERR: You have an error in your SQL syntax; check the manual that corresponds to your MySQL server version for the right syntax to use near ') LIMIT 1' at line 1
 [ SQL语句 ] : SELECT `name` FROM `crm_user` WHERE ( role_id= ) LIMIT 1  
ERR: You have an error in your SQL syntax; check the manual that corresponds to your MySQL server version for the right syntax to use near ') LIMIT 1' at line 1
 [ SQL语句 ] : SELECT `name` FROM `crm_user` WHERE ( user_id= ) LIMIT 1  
ERR: You have an error in your SQL syntax; check the manual that corresponds to your MySQL server version for the right syntax to use near ') LIMIT 1' at line 1
 [ SQL语句 ] : SELECT `name` FROM `crm_user` WHERE ( role_id= ) LIMIT 1  
ERR: You have an error in your SQL syntax; check the manual that corresponds to your MySQL server version for the right syntax to use near ') LIMIT 1' at line 1
 [ SQL语句 ] : SELECT `name` FROM `crm_user` WHERE ( user_id= ) LIMIT 1  
ERR: You have an error in your SQL syntax; check the manual that corresponds to your MySQL server version for the right syntax to use near ') LIMIT 1' at line 1
 [ SQL语句 ] : SELECT `name` FROM `crm_user` WHERE ( role_id= ) LIMIT 1  
ERR: You have an error in your SQL syntax; check the manual that corresponds to your MySQL server version for the right syntax to use near ') LIMIT 1' at line 1
 [ SQL语句 ] : SELECT `name` FROM `crm_user` WHERE ( user_id= ) LIMIT 1  
ERR: You have an error in your SQL syntax; check the manual that corresponds to your MySQL server version for the right syntax to use near ') LIMIT 1' at line 1
 [ SQL语句 ] : SELECT `name` FROM `crm_user` WHERE ( role_id= ) LIMIT 1  
ERR: You have an error in your SQL syntax; check the manual that corresponds to your MySQL server version for the right syntax to use near ') LIMIT 1' at line 1
 [ SQL语句 ] : SELECT `name` FROM `crm_user` WHERE ( user_id= ) LIMIT 1  
ERR: You have an error in your SQL syntax; check the manual that corresponds to your MySQL server version for the right syntax to use near ') LIMIT 1' at line 1
 [ SQL语句 ] : SELECT `name` FROM `crm_user` WHERE ( role_id= ) LIMIT 1  
ERR: You have an error in your SQL syntax; check the manual that corresponds to your MySQL server version for the right syntax to use near ') LIMIT 1' at line 1
 [ SQL语句 ] : SELECT `name` FROM `crm_user` WHERE ( user_id= ) LIMIT 1  
ERR: You have an error in your SQL syntax; check the manual that corresponds to your MySQL server version for the right syntax to use near ') LIMIT 1' at line 1
 [ SQL语句 ] : SELECT `name` FROM `crm_user` WHERE ( role_id= ) LIMIT 1  
ERR: You have an error in your SQL syntax; check the manual that corresponds to your MySQL server version for the right syntax to use near ') LIMIT 1' at line 1
 [ SQL语句 ] : SELECT `name` FROM `crm_user` WHERE ( user_id= ) LIMIT 1  
ERR: You have an error in your SQL syntax; check the manual that corresponds to your MySQL server version for the right syntax to use near ') LIMIT 1' at line 1
 [ SQL语句 ] : SELECT `name` FROM `crm_user` WHERE ( role_id= ) LIMIT 1  

[ 2016-02-18T11:58:15+08:00 ] 180.139.207.231 /index.php?m=stock&a=in
ERR: You have an error in your SQL syntax; check the manual that corresponds to your MySQL server version for the right syntax to use near ') LIMIT 1' at line 1
 [ SQL语句 ] : SELECT `name` FROM `crm_user` WHERE ( user_id= ) LIMIT 1  
ERR: You have an error in your SQL syntax; check the manual that corresponds to your MySQL server version for the right syntax to use near ') LIMIT 1' at line 1
 [ SQL语句 ] : SELECT `name` FROM `crm_user` WHERE ( role_id= ) LIMIT 1  
ERR: You have an error in your SQL syntax; check the manual that corresponds to your MySQL server version for the right syntax to use near ') LIMIT 1' at line 1
 [ SQL语句 ] : SELECT `name` FROM `crm_user` WHERE ( user_id= ) LIMIT 1  
ERR: You have an error in your SQL syntax; check the manual that corresponds to your MySQL server version for the right syntax to use near ') LIMIT 1' at line 1
 [ SQL语句 ] : SELECT `name` FROM `crm_user` WHERE ( role_id= ) LIMIT 1  
ERR: You have an error in your SQL syntax; check the manual that corresponds to your MySQL server version for the right syntax to use near ') LIMIT 1' at line 1
 [ SQL语句 ] : SELECT `name` FROM `crm_user` WHERE ( user_id= ) LIMIT 1  
ERR: You have an error in your SQL syntax; check the manual that corresponds to your MySQL server version for the right syntax to use near ') LIMIT 1' at line 1
 [ SQL语句 ] : SELECT `name` FROM `crm_user` WHERE ( role_id= ) LIMIT 1  
ERR: You have an error in your SQL syntax; check the manual that corresponds to your MySQL server version for the right syntax to use near ') LIMIT 1' at line 1
 [ SQL语句 ] : SELECT `name` FROM `crm_user` WHERE ( user_id= ) LIMIT 1  
ERR: You have an error in your SQL syntax; check the manual that corresponds to your MySQL server version for the right syntax to use near ') LIMIT 1' at line 1
 [ SQL语句 ] : SELECT `name` FROM `crm_user` WHERE ( role_id= ) LIMIT 1  
ERR: You have an error in your SQL syntax; check the manual that corresponds to your MySQL server version for the right syntax to use near ') LIMIT 1' at line 1
 [ SQL语句 ] : SELECT `name` FROM `crm_user` WHERE ( user_id= ) LIMIT 1  
ERR: You have an error in your SQL syntax; check the manual that corresponds to your MySQL server version for the right syntax to use near ') LIMIT 1' at line 1
 [ SQL语句 ] : SELECT `name` FROM `crm_user` WHERE ( role_id= ) LIMIT 1  
ERR: You have an error in your SQL syntax; check the manual that corresponds to your MySQL server version for the right syntax to use near ') LIMIT 1' at line 1
 [ SQL语句 ] : SELECT `name` FROM `crm_user` WHERE ( user_id= ) LIMIT 1  
ERR: You have an error in your SQL syntax; check the manual that corresponds to your MySQL server version for the right syntax to use near ') LIMIT 1' at line 1
 [ SQL语句 ] : SELECT `name` FROM `crm_user` WHERE ( role_id= ) LIMIT 1  
ERR: You have an error in your SQL syntax; check the manual that corresponds to your MySQL server version for the right syntax to use near ') LIMIT 1' at line 1
 [ SQL语句 ] : SELECT `name` FROM `crm_user` WHERE ( user_id= ) LIMIT 1  
ERR: You have an error in your SQL syntax; check the manual that corresponds to your MySQL server version for the right syntax to use near ') LIMIT 1' at line 1
 [ SQL语句 ] : SELECT `name` FROM `crm_user` WHERE ( role_id= ) LIMIT 1  
ERR: You have an error in your SQL syntax; check the manual that corresponds to your MySQL server version for the right syntax to use near ') LIMIT 1' at line 1
 [ SQL语句 ] : SELECT `name` FROM `crm_user` WHERE ( user_id= ) LIMIT 1  
ERR: You have an error in your SQL syntax; check the manual that corresponds to your MySQL server version for the right syntax to use near ') LIMIT 1' at line 1
 [ SQL语句 ] : SELECT `name` FROM `crm_user` WHERE ( role_id= ) LIMIT 1  
ERR: You have an error in your SQL syntax; check the manual that corresponds to your MySQL server version for the right syntax to use near ') LIMIT 1' at line 1
 [ SQL语句 ] : SELECT `name` FROM `crm_user` WHERE ( user_id= ) LIMIT 1  
ERR: You have an error in your SQL syntax; check the manual that corresponds to your MySQL server version for the right syntax to use near ') LIMIT 1' at line 1
 [ SQL语句 ] : SELECT `name` FROM `crm_user` WHERE ( role_id= ) LIMIT 1  
ERR: You have an error in your SQL syntax; check the manual that corresponds to your MySQL server version for the right syntax to use near ') LIMIT 1' at line 1
 [ SQL语句 ] : SELECT `name` FROM `crm_user` WHERE ( user_id= ) LIMIT 1  
ERR: You have an error in your SQL syntax; check the manual that corresponds to your MySQL server version for the right syntax to use near ') LIMIT 1' at line 1
 [ SQL语句 ] : SELECT `name` FROM `crm_user` WHERE ( role_id= ) LIMIT 1  
ERR: You have an error in your SQL syntax; check the manual that corresponds to your MySQL server version for the right syntax to use near ') LIMIT 1' at line 1
 [ SQL语句 ] : SELECT `name` FROM `crm_user` WHERE ( user_id= ) LIMIT 1  
ERR: You have an error in your SQL syntax; check the manual that corresponds to your MySQL server version for the right syntax to use near ') LIMIT 1' at line 1
 [ SQL语句 ] : SELECT `name` FROM `crm_user` WHERE ( role_id= ) LIMIT 1  

[ 2016-02-18T11:58:27+08:00 ] 180.139.207.231 /index.php?m=stock&a=in
ERR: You have an error in your SQL syntax; check the manual that corresponds to your MySQL server version for the right syntax to use near ') LIMIT 1' at line 1
 [ SQL语句 ] : SELECT `name` FROM `crm_user` WHERE ( user_id= ) LIMIT 1  
ERR: You have an error in your SQL syntax; check the manual that corresponds to your MySQL server version for the right syntax to use near ') LIMIT 1' at line 1
 [ SQL语句 ] : SELECT `name` FROM `crm_user` WHERE ( role_id= ) LIMIT 1  
ERR: You have an error in your SQL syntax; check the manual that corresponds to your MySQL server version for the right syntax to use near ') LIMIT 1' at line 1
 [ SQL语句 ] : SELECT `name` FROM `crm_user` WHERE ( user_id= ) LIMIT 1  
ERR: You have an error in your SQL syntax; check the manual that corresponds to your MySQL server version for the right syntax to use near ') LIMIT 1' at line 1
 [ SQL语句 ] : SELECT `name` FROM `crm_user` WHERE ( role_id= ) LIMIT 1  
ERR: You have an error in your SQL syntax; check the manual that corresponds to your MySQL server version for the right syntax to use near ') LIMIT 1' at line 1
 [ SQL语句 ] : SELECT `name` FROM `crm_user` WHERE ( user_id= ) LIMIT 1  
ERR: You have an error in your SQL syntax; check the manual that corresponds to your MySQL server version for the right syntax to use near ') LIMIT 1' at line 1
 [ SQL语句 ] : SELECT `name` FROM `crm_user` WHERE ( role_id= ) LIMIT 1  
ERR: You have an error in your SQL syntax; check the manual that corresponds to your MySQL server version for the right syntax to use near ') LIMIT 1' at line 1
 [ SQL语句 ] : SELECT `name` FROM `crm_user` WHERE ( user_id= ) LIMIT 1  
ERR: You have an error in your SQL syntax; check the manual that corresponds to your MySQL server version for the right syntax to use near ') LIMIT 1' at line 1
 [ SQL语句 ] : SELECT `name` FROM `crm_user` WHERE ( role_id= ) LIMIT 1  
ERR: You have an error in your SQL syntax; check the manual that corresponds to your MySQL server version for the right syntax to use near ') LIMIT 1' at line 1
 [ SQL语句 ] : SELECT `name` FROM `crm_user` WHERE ( user_id= ) LIMIT 1  
ERR: You have an error in your SQL syntax; check the manual that corresponds to your MySQL server version for the right syntax to use near ') LIMIT 1' at line 1
 [ SQL语句 ] : SELECT `name` FROM `crm_user` WHERE ( role_id= ) LIMIT 1  
ERR: You have an error in your SQL syntax; check the manual that corresponds to your MySQL server version for the right syntax to use near ') LIMIT 1' at line 1
 [ SQL语句 ] : SELECT `name` FROM `crm_user` WHERE ( user_id= ) LIMIT 1  
ERR: You have an error in your SQL syntax; check the manual that corresponds to your MySQL server version for the right syntax to use near ') LIMIT 1' at line 1
 [ SQL语句 ] : SELECT `name` FROM `crm_user` WHERE ( role_id= ) LIMIT 1  
ERR: You have an error in your SQL syntax; check the manual that corresponds to your MySQL server version for the right syntax to use near ') LIMIT 1' at line 1
 [ SQL语句 ] : SELECT `name` FROM `crm_user` WHERE ( user_id= ) LIMIT 1  
ERR: You have an error in your SQL syntax; check the manual that corresponds to your MySQL server version for the right syntax to use near ') LIMIT 1' at line 1
 [ SQL语句 ] : SELECT `name` FROM `crm_user` WHERE ( role_id= ) LIMIT 1  
ERR: You have an error in your SQL syntax; check the manual that corresponds to your MySQL server version for the right syntax to use near ') LIMIT 1' at line 1
 [ SQL语句 ] : SELECT `name` FROM `crm_user` WHERE ( user_id= ) LIMIT 1  
ERR: You have an error in your SQL syntax; check the manual that corresponds to your MySQL server version for the right syntax to use near ') LIMIT 1' at line 1
 [ SQL语句 ] : SELECT `name` FROM `crm_user` WHERE ( role_id= ) LIMIT 1  
ERR: You have an error in your SQL syntax; check the manual that corresponds to your MySQL server version for the right syntax to use near ') LIMIT 1' at line 1
 [ SQL语句 ] : SELECT `name` FROM `crm_user` WHERE ( user_id= ) LIMIT 1  
ERR: You have an error in your SQL syntax; check the manual that corresponds to your MySQL server version for the right syntax to use near ') LIMIT 1' at line 1
 [ SQL语句 ] : SELECT `name` FROM `crm_user` WHERE ( role_id= ) LIMIT 1  
ERR: You have an error in your SQL syntax; check the manual that corresponds to your MySQL server version for the right syntax to use near ') LIMIT 1' at line 1
 [ SQL语句 ] : SELECT `name` FROM `crm_user` WHERE ( user_id= ) LIMIT 1  
ERR: You have an error in your SQL syntax; check the manual that corresponds to your MySQL server version for the right syntax to use near ') LIMIT 1' at line 1
 [ SQL语句 ] : SELECT `name` FROM `crm_user` WHERE ( role_id= ) LIMIT 1  
ERR: You have an error in your SQL syntax; check the manual that corresponds to your MySQL server version for the right syntax to use near ') LIMIT 1' at line 1
 [ SQL语句 ] : SELECT `name` FROM `crm_user` WHERE ( user_id= ) LIMIT 1  
ERR: You have an error in your SQL syntax; check the manual that corresponds to your MySQL server version for the right syntax to use near ') LIMIT 1' at line 1
 [ SQL语句 ] : SELECT `name` FROM `crm_user` WHERE ( role_id= ) LIMIT 1  

[ 2016-02-18T11:59:53+08:00 ] ERR: (ThinkException) Can't connect to MySQL server on 'localhost' (10055)
[ 2016-02-18T11:59:54+08:00 ] ERR: (ThinkException) Can't connect to MySQL server on 'localhost' (10055)
[ 2016-02-18T11:59:59+08:00 ] ERR: (ThinkException) Can't connect to MySQL server on 'localhost' (10055)
[ 2016-02-18T12:00:04+08:00 ] ERR: (ThinkException) Can't connect to MySQL server on 'localhost' (10055)
[ 2016-02-18T12:00:09+08:00 ] ERR: (ThinkException) Can't connect to MySQL server on 'localhost' (10055)
[ 2016-02-18T12:00:24+08:00 ] ERR: (ThinkException) Can't connect to MySQL server on 'localhost' (10055)
[ 2016-02-18T12:00:27+08:00 ] ERR: (ThinkException) Can't connect to MySQL server on 'localhost' (10055)
[ 2016-02-18T12:00:29+08:00 ] ERR: (ThinkException) Can't connect to MySQL server on 'localhost' (10055)
[ 2016-02-18T12:00:40+08:00 ] ERR: (ThinkException) Can't connect to MySQL server on 'localhost' (10055)
[ 2016-02-18T12:00:42+08:00 ] ERR: (ThinkException) Can't connect to MySQL server on 'localhost' (10055)
[ 2016-02-18T12:00:43+08:00 ] ERR: (ThinkException) Can't connect to MySQL server on 'localhost' (10055)
[ 2016-02-18T12:00:44+08:00 ] ERR: (ThinkException) Can't connect to MySQL server on 'localhost' (10055)
[ 2016-02-18T12:00:44+08:00 ] ERR: (ThinkException) Can't connect to MySQL server on 'localhost' (10055)
[ 2016-02-18T12:01:11+08:00 ] ERR: (ThinkException) Can't connect to MySQL server on 'localhost' (10055)
[ 2016-02-18T12:01:23+08:00 ] ERR: (ThinkException) Can't connect to MySQL server on 'localhost' (10055)
[ 2016-02-18T12:01:53+08:00 ] ERR: (ThinkException) Can't connect to MySQL server on 'localhost' (10055)
[ 2016-02-18T12:02:09+08:00 ] ERR: (ThinkException) Can't connect to MySQL server on 'localhost' (10055)
[ 2016-02-18T12:02:10+08:00 ] ERR: (ThinkException) Can't connect to MySQL server on 'localhost' (10055)
[ 2016-02-18T12:02:11+08:00 ] ERR: (ThinkException) Can't connect to MySQL server on 'localhost' (10055)
[ 2016-02-18T12:02:11+08:00 ] ERR: (ThinkException) Can't connect to MySQL server on 'localhost' (10055)
[ 2016-02-18T12:02:11+08:00 ] ERR: (ThinkException) Can't connect to MySQL server on 'localhost' (10055)
[ 2016-02-18T12:02:11+08:00 ] ERR: (ThinkException) Can't connect to MySQL server on 'localhost' (10055)
[ 2016-02-18T12:02:12+08:00 ] ERR: (ThinkException) Can't connect to MySQL server on 'localhost' (10055)
[ 2016-02-18T12:02:12+08:00 ] ERR: (ThinkException) Can't connect to MySQL server on 'localhost' (10055)
[ 2016-02-18T12:02:12+08:00 ] ERR: (ThinkException) Can't connect to MySQL server on 'localhost' (10055)
[ 2016-02-18T12:02:12+08:00 ] ERR: (ThinkException) Can't connect to MySQL server on 'localhost' (10055)
[ 2016-02-18T12:02:12+08:00 ] ERR: (ThinkException) Can't connect to MySQL server on 'localhost' (10055)
[ 2016-02-18T12:02:13+08:00 ] ERR: (ThinkException) Can't connect to MySQL server on 'localhost' (10055)
[ 2016-02-18T12:02:13+08:00 ] ERR: (ThinkException) Can't connect to MySQL server on 'localhost' (10055)
[ 2016-02-18T12:03:02+08:00 ] ERR: (ThinkException) Can't connect to MySQL server on 'localhost' (10055)
[ 2016-02-18T12:03:04+08:00 ] ERR: (ThinkException) Can't connect to MySQL server on 'localhost' (10055)
[ 2016-02-18T12:03:13+08:00 ] ERR: (ThinkException) Can't connect to MySQL server on 'localhost' (10055)
[ 2016-02-18T12:03:14+08:00 ] ERR: (ThinkException) Can't connect to MySQL server on 'localhost' (10055)
                                                                                                          [ 2016-02-18T14:33:42+08:00 ] 180.139.207.231 /index.php?m=stock&a=out&product=&warehouse=&start_time=&end_time=&p=2
ERR: You have an error in your SQL syntax; check the manual that corresponds to your MySQL server version for the right syntax to use near ') LIMIT 1' at line 1
 [ SQL语句 ] : SELECT `name` FROM `crm_user` WHERE ( role_id= ) LIMIT 1  

[ 2016-02-18T14:34:52+08:00 ] 180.139.207.231 /index.php?m=stock&a=in
ERR: You have an error in your SQL syntax; check the manual that corresponds to your MySQL server version for the right syntax to use near ') LIMIT 1' at line 1
 [ SQL语句 ] : SELECT `name` FROM `crm_user` WHERE ( user_id= ) LIMIT 1  
ERR: You have an error in your SQL syntax; check the manual that corresponds to your MySQL server version for the right syntax to use near ') LIMIT 1' at line 1
 [ SQL语句 ] : SELECT `name` FROM `crm_user` WHERE ( role_id= ) LIMIT 1  
ERR: You have an error in your SQL syntax; check the manual that corresponds to your MySQL server version for the right syntax to use near ') LIMIT 1' at line 1
 [ SQL语句 ] : SELECT `name` FROM `crm_user` WHERE ( user_id= ) LIMIT 1  
ERR: You have an error in your SQL syntax; check the manual that corresponds to your MySQL server version for the right syntax to use near ') LIMIT 1' at line 1
 [ SQL语句 ] : SELECT `name` FROM `crm_user` WHERE ( role_id= ) LIMIT 1  
ERR: You have an error in your SQL syntax; check the manual that corresponds to your MySQL server version for the right syntax to use near ') LIMIT 1' at line 1
 [ SQL语句 ] : SELECT `name` FROM `crm_user` WHERE ( user_id= ) LIMIT 1  
ERR: You have an error in your SQL syntax; check the manual that corresponds to your MySQL server version for the right syntax to use near ') LIMIT 1' at line 1
 [ SQL语句 ] : SELECT `name` FROM `crm_user` WHERE ( role_id= ) LIMIT 1  
ERR: You have an error in your SQL syntax; check the manual that corresponds to your MySQL server version for the right syntax to use near ') LIMIT 1' at line 1
 [ SQL语句 ] : SELECT `name` FROM `crm_user` WHERE ( user_id= ) LIMIT 1  
ERR: You have an error in your SQL syntax; check the manual that corresponds to your MySQL server version for the right syntax to use near ') LIMIT 1' at line 1
 [ SQL语句 ] : SELECT `name` FROM `crm_user` WHERE ( role_id= ) LIMIT 1  
ERR: You have an error in your SQL syntax; check the manual that corresponds to your MySQL server version for the right syntax to use near ') LIMIT 1' at line 1
 [ SQL语句 ] : SELECT `name` FROM `crm_user` WHERE ( user_id= ) LIMIT 1  
ERR: You have an error in your SQL syntax; check the manual that corresponds to your MySQL server version for the right syntax to use near ') LIMIT 1' at line 1
 [ SQL语句 ] : SELECT `name` FROM `crm_user` WHERE ( role_id= ) LIMIT 1  
ERR: You have an error in your SQL syntax; check the manual that corresponds to your MySQL server version for the right syntax to use near ') LIMIT 1' at line 1
 [ SQL语句 ] : SELECT `name` FROM `crm_user` WHERE ( user_id= ) LIMIT 1  
ERR: You have an error in your SQL syntax; check the manual that corresponds to your MySQL server version for the right syntax to use near ') LIMIT 1' at line 1
 [ SQL语句 ] : SELECT `name` FROM `crm_user` WHERE ( role_id= ) LIMIT 1  
ERR: You have an error in your SQL syntax; check the manual that corresponds to your MySQL server version for the right syntax to use near ') LIMIT 1' at line 1
 [ SQL语句 ] : SELECT `name` FROM `crm_user` WHERE ( user_id= ) LIMIT 1  
ERR: You have an error in your SQL syntax; check the manual that corresponds to your MySQL server version for the right syntax to use near ') LIMIT 1' at line 1
 [ SQL语句 ] : SELECT `name` FROM `crm_user` WHERE ( role_id= ) LIMIT 1  
ERR: You have an error in your SQL syntax; check the manual that corresponds to your MySQL server version for the right syntax to use near ') LIMIT 1' at line 1
 [ SQL语句 ] : SELECT `name` FROM `crm_user` WHERE ( user_id= ) LIMIT 1  
ERR: You have an error in your SQL syntax; check the manual that corresponds to your MySQL server version for the right syntax to use near ') LIMIT 1' at line 1
 [ SQL语句 ] : SELECT `name` FROM `crm_user` WHERE ( role_id= ) LIMIT 1  
ERR: You have an error in your SQL syntax; check the manual that corresponds to your MySQL server version for the right syntax to use near ') LIMIT 1' at line 1
 [ SQL语句 ] : SELECT `name` FROM `crm_user` WHERE ( user_id= ) LIMIT 1  
ERR: You have an error in your SQL syntax; check the manual that corresponds to your MySQL server version for the right syntax to use near ') LIMIT 1' at line 1
 [ SQL语句 ] : SELECT `name` FROM `crm_user` WHERE ( role_id= ) LIMIT 1  
ERR: You have an error in your SQL syntax; check the manual that corresponds to your MySQL server version for the right syntax to use near ') LIMIT 1' at line 1
 [ SQL语句 ] : SELECT `name` FROM `crm_user` WHERE ( user_id= ) LIMIT 1  
ERR: You have an error in your SQL syntax; check the manual that corresponds to your MySQL server version for the right syntax to use near ') LIMIT 1' at line 1
 [ SQL语句 ] : SELECT `name` FROM `crm_user` WHERE ( role_id= ) LIMIT 1  
ERR: You have an error in your SQL syntax; check the manual that corresponds to your MySQL server version for the right syntax to use near ') LIMIT 1' at line 1
 [ SQL语句 ] : SELECT `name` FROM `crm_user` WHERE ( user_id= ) LIMIT 1  
ERR: You have an error in your SQL syntax; check the manual that corresponds to your MySQL server version for the right syntax to use near ') LIMIT 1' at line 1
 [ SQL语句 ] : SELECT `name` FROM `crm_user` WHERE ( role_id= ) LIMIT 1  

[ 2016-02-18T14:37:03+08:00 ] 180.139.207.231 /index.php?m=finance&a=index&t=payables
ERR: You have an error in your SQL syntax; check the manual that corresponds to your MySQL server version for the right syntax to use near '%d ) LIMIT 1' at line 1
 [ SQL语句 ] : SELECT `sn_code` FROM `crm_purchase` WHERE ( purchase_id = %d ) LIMIT 1  
ERR: You have an error in your SQL syntax; check the manual that corresponds to your MySQL server version for the right syntax to use near '%d ) LIMIT 1' at line 1
 [ SQL语句 ] : SELECT `sn_code` FROM `crm_purchase` WHERE ( purchase_id = %d ) LIMIT 1  
ERR: You have an error in your SQL syntax; check the manual that corresponds to your MySQL server version for the right syntax to use near '%d ) LIMIT 1' at line 1
 [ SQL语句 ] : SELECT `sn_code` FROM `crm_purchase` WHERE ( purchase_id = %d ) LIMIT 1  
ERR: You have an error in your SQL syntax; check the manual that corresponds to your MySQL server version for the right syntax to use near '%d ) LIMIT 1' at line 1
 [ SQL语句 ] : SELECT `sn_code` FROM `crm_purchase` WHERE ( purchase_id = %d ) LIMIT 1  
ERR: You have an error in your SQL syntax; check the manual that corresponds to your MySQL server version for the right syntax to use near '%d ) LIMIT 1' at line 1
 [ SQL语句 ] : SELECT `sn_code` FROM `crm_purchase` WHERE ( purchase_id = %d ) LIMIT 1  
ERR: You have an error in your SQL syntax; check the manual that corresponds to your MySQL server version for the right syntax to use near '%d ) LIMIT 1' at line 1
 [ SQL语句 ] : SELECT `sn_code` FROM `crm_purchase` WHERE ( purchase_id = %d ) LIMIT 1  
ERR: You have an error in your SQL syntax; check the manual that corresponds to your MySQL server version for the right syntax to use near '%d ) LIMIT 1' at line 1
 [ SQL语句 ] : SELECT `sn_code` FROM `crm_purchase` WHERE ( purchase_id = %d ) LIMIT 1  
ERR: You have an error in your SQL syntax; check the manual that corresponds to your MySQL server version for the right syntax to use near '%d ) LIMIT 1' at line 1
 [ SQL语句 ] : SELECT `sn_code` FROM `crm_purchase` WHERE ( purchase_id = %d ) LIMIT 1  
ERR: You have an error in your SQL syntax; check the manual that corresponds to your MySQL server version for the right syntax to use near '%d ) LIMIT 1' at line 1
 [ SQL语句 ] : SELECT `sn_code` FROM `crm_purchase` WHERE ( purchase_id = %d ) LIMIT 1  
ERR: You have an error in your SQL syntax; check the manual that corresponds to your MySQL server version for the right syntax to use near '%d ) LIMIT 1' at line 1
 [ SQL语句 ] : SELECT `sn_code` FROM `crm_purchase` WHERE ( purchase_id = %d ) LIMIT 1  

[ 2016-02-18T14:42:41+08:00 ] 180.139.207.231 /index.php?m=finance&a=view&t=receivingorder&id=128
ERR: Unknown column 'contract_id' in 'field list'
 [ SQL语句 ] : SELECT `contract_id` FROM `crm_receivables` WHERE ( `receivables_id` = 210 ) LIMIT 1  

[ 2016-02-18T16:49:29+08:00 ] 180.139.207.231 /index.php?m=product&a=view&id=150
ERR: You have an error in your SQL syntax; check the manual that corresponds to your MySQL server version for the right syntax to use near '%s) )' at line 1
 [ SQL语句 ] : SELECT * FROM `crm_log` WHERE ( log_id in (%s) ) 
ERR: You have an error in your SQL syntax; check the manual that corresponds to your MySQL server version for the right syntax to use near '%s) )' at line 1
 [ SQL语句 ] : SELECT * FROM `crm_file` WHERE ( file_id in (%s) ) 
ERR: You have an error in your SQL syntax; check the manual that corresponds to your MySQL server version for the right syntax to use near '%s) and is_deleted=0 )' at line 1
 [ SQL语句 ] : SELECT * FROM `crm_task` WHERE ( task_id in (%s) and is_deleted=0 ) 
ERR: You have an error in your SQL syntax; check the manual that corresponds to your MySQL server version for the right syntax to use near '%s) )' at line 1
 [ SQL语句 ] : SELECT * FROM `crm_event` WHERE ( event_id in (%s) ) 

